{"C:\\Users\\pierr\\Documents\\projects\\svelte-advanced\\playwright.config.ts": {"path":"C:\\Users\\pierr\\Documents\\projects\\svelte-advanced\\playwright.config.ts","all":true,"statementMap":{"0":{"start":{"line":1,"column":0},"end":{"line":1,"column":48}},"2":{"start":{"line":3,"column":0},"end":{"line":3,"column":29}},"3":{"start":{"line":4,"column":0},"end":{"line":4,"column":13}},"4":{"start":{"line":5,"column":0},"end":{"line":5,"column":46}},"5":{"start":{"line":6,"column":0},"end":{"line":6,"column":12}},"6":{"start":{"line":7,"column":0},"end":{"line":7,"column":3}},"8":{"start":{"line":9,"column":0},"end":{"line":9,"column":15}},"9":{"start":{"line":10,"column":0},"end":{"line":10,"column":3}}},"s":{"0":0,"2":0,"3":0,"4":0,"5":0,"6":0,"8":0,"9":0},"branchMap":{"0":{"type":"branch","line":1,"loc":{"start":{"line":1,"column":0},"end":{"line":10,"column":-97}},"locations":[{"start":{"line":1,"column":0},"end":{"line":10,"column":-97}}]}},"b":{"0":[0]},"fnMap":{"0":{"name":"(empty-report)","decl":{"start":{"line":1,"column":0},"end":{"line":10,"column":-97}},"loc":{"start":{"line":1,"column":0},"end":{"line":10,"column":-97}},"line":1}},"f":{"0":0}}
,"C:\\Users\\pierr\\Documents\\projects\\svelte-advanced\\postcss.config.js": {"path":"C:\\Users\\pierr\\Documents\\projects\\svelte-advanced\\postcss.config.js","all":true,"statementMap":{"0":{"start":{"line":1,"column":0},"end":{"line":1,"column":16}},"1":{"start":{"line":2,"column":0},"end":{"line":2,"column":11}},"2":{"start":{"line":3,"column":0},"end":{"line":3,"column":18}},"3":{"start":{"line":4,"column":0},"end":{"line":4,"column":18}},"4":{"start":{"line":5,"column":0},"end":{"line":5,"column":2}},"5":{"start":{"line":6,"column":0},"end":{"line":6,"column":2}}},"s":{"0":0,"1":0,"2":0,"3":0,"4":0,"5":0},"branchMap":{"0":{"type":"branch","line":1,"loc":{"start":{"line":1,"column":0},"end":{"line":6,"column":-8}},"locations":[{"start":{"line":1,"column":0},"end":{"line":6,"column":-8}}]}},"b":{"0":[0]},"fnMap":{"0":{"name":"(empty-report)","decl":{"start":{"line":1,"column":0},"end":{"line":6,"column":-8}},"loc":{"start":{"line":1,"column":0},"end":{"line":6,"column":-8}},"line":1}},"f":{"0":0}}
,"C:\\Users\\pierr\\Documents\\projects\\svelte-advanced\\svelte.config.js": {"path":"C:\\Users\\pierr\\Documents\\projects\\svelte-advanced\\svelte.config.js","all":true,"statementMap":{"0":{"start":{"line":1,"column":0},"end":{"line":1,"column":45}},"1":{"start":{"line":2,"column":0},"end":{"line":2,"column":62}},"2":{"start":{"line":3,"column":0},"end":{"line":3,"column":0}},"3":{"start":{"line":4,"column":0},"end":{"line":4,"column":45}},"4":{"start":{"line":5,"column":0},"end":{"line":5,"column":16}},"5":{"start":{"line":6,"column":0},"end":{"line":6,"column":52}},"6":{"start":{"line":7,"column":0},"end":{"line":7,"column":44}},"7":{"start":{"line":8,"column":0},"end":{"line":8,"column":30}},"8":{"start":{"line":9,"column":0},"end":{"line":9,"column":0}},"9":{"start":{"line":10,"column":0},"end":{"line":10,"column":7}},"10":{"start":{"line":11,"column":0},"end":{"line":11,"column":107}},"11":{"start":{"line":12,"column":0},"end":{"line":12,"column":108}},"12":{"start":{"line":13,"column":0},"end":{"line":13,"column":82}},"13":{"start":{"line":14,"column":0},"end":{"line":14,"column":20}},"14":{"start":{"line":15,"column":0},"end":{"line":15,"column":2}},"15":{"start":{"line":16,"column":0},"end":{"line":16,"column":2}},"16":{"start":{"line":17,"column":0},"end":{"line":17,"column":0}},"17":{"start":{"line":18,"column":0},"end":{"line":18,"column":22}}},"s":{"0":0,"1":0,"2":0,"3":0,"4":0,"5":0,"6":0,"7":0,"8":0,"9":0,"10":0,"11":0,"12":0,"13":0,"14":0,"15":0,"16":0,"17":0},"branchMap":{"0":{"type":"branch","line":1,"loc":{"start":{"line":1,"column":0},"end":{"line":18,"column":-129}},"locations":[{"start":{"line":1,"column":0},"end":{"line":18,"column":-129}}]}},"b":{"0":[0]},"fnMap":{"0":{"name":"(empty-report)","decl":{"start":{"line":1,"column":0},"end":{"line":18,"column":-129}},"loc":{"start":{"line":1,"column":0},"end":{"line":18,"column":-129}},"line":1}},"f":{"0":0}}
,"C:\\Users\\pierr\\Documents\\projects\\svelte-advanced\\tailwind.config.ts": {"path":"C:\\Users\\pierr\\Documents\\projects\\svelte-advanced\\tailwind.config.ts","all":true,"statementMap":{"0":{"start":{"line":1,"column":0},"end":{"line":1,"column":54}},"2":{"start":{"line":3,"column":0},"end":{"line":3,"column":53}},"4":{"start":{"line":5,"column":0},"end":{"line":5,"column":24}},"5":{"start":{"line":6,"column":0},"end":{"line":6,"column":21}},"6":{"start":{"line":7,"column":0},"end":{"line":7,"column":45}},"7":{"start":{"line":8,"column":0},"end":{"line":8,"column":20}},"8":{"start":{"line":9,"column":0},"end":{"line":9,"column":9}},"9":{"start":{"line":10,"column":0},"end":{"line":10,"column":14}},"10":{"start":{"line":11,"column":0},"end":{"line":11,"column":16}},"11":{"start":{"line":12,"column":0},"end":{"line":12,"column":19}},"12":{"start":{"line":13,"column":0},"end":{"line":13,"column":13}},"13":{"start":{"line":14,"column":0},"end":{"line":14,"column":19}},"14":{"start":{"line":15,"column":0},"end":{"line":15,"column":4}},"15":{"start":{"line":16,"column":0},"end":{"line":16,"column":4}},"16":{"start":{"line":17,"column":0},"end":{"line":17,"column":11}},"17":{"start":{"line":18,"column":0},"end":{"line":18,"column":12}},"18":{"start":{"line":19,"column":0},"end":{"line":19,"column":49}},"19":{"start":{"line":20,"column":0},"end":{"line":20,"column":47}},"20":{"start":{"line":21,"column":0},"end":{"line":21,"column":45}},"21":{"start":{"line":22,"column":0},"end":{"line":22,"column":57}},"22":{"start":{"line":23,"column":0},"end":{"line":23,"column":57}},"23":{"start":{"line":24,"column":0},"end":{"line":24,"column":14}},"24":{"start":{"line":25,"column":0},"end":{"line":25,"column":52}},"25":{"start":{"line":26,"column":0},"end":{"line":26,"column":65}},"26":{"start":{"line":27,"column":0},"end":{"line":27,"column":6}},"27":{"start":{"line":28,"column":0},"end":{"line":28,"column":16}},"28":{"start":{"line":29,"column":0},"end":{"line":29,"column":54}},"29":{"start":{"line":30,"column":0},"end":{"line":30,"column":67}},"30":{"start":{"line":31,"column":0},"end":{"line":31,"column":6}},"31":{"start":{"line":32,"column":0},"end":{"line":32,"column":18}},"32":{"start":{"line":33,"column":0},"end":{"line":33,"column":56}},"33":{"start":{"line":34,"column":0},"end":{"line":34,"column":69}},"34":{"start":{"line":35,"column":0},"end":{"line":35,"column":6}},"35":{"start":{"line":36,"column":0},"end":{"line":36,"column":12}},"36":{"start":{"line":37,"column":0},"end":{"line":37,"column":50}},"37":{"start":{"line":38,"column":0},"end":{"line":38,"column":63}},"38":{"start":{"line":39,"column":0},"end":{"line":39,"column":6}},"39":{"start":{"line":40,"column":0},"end":{"line":40,"column":13}},"40":{"start":{"line":41,"column":0},"end":{"line":41,"column":51}},"41":{"start":{"line":42,"column":0},"end":{"line":42,"column":64}},"42":{"start":{"line":43,"column":0},"end":{"line":43,"column":6}},"43":{"start":{"line":44,"column":0},"end":{"line":44,"column":14}},"44":{"start":{"line":45,"column":0},"end":{"line":45,"column":52}},"45":{"start":{"line":46,"column":0},"end":{"line":46,"column":65}},"46":{"start":{"line":47,"column":0},"end":{"line":47,"column":6}},"47":{"start":{"line":48,"column":0},"end":{"line":48,"column":11}},"48":{"start":{"line":49,"column":0},"end":{"line":49,"column":49}},"49":{"start":{"line":50,"column":0},"end":{"line":50,"column":62}},"50":{"start":{"line":51,"column":0},"end":{"line":51,"column":6}},"51":{"start":{"line":52,"column":0},"end":{"line":52,"column":14}},"52":{"start":{"line":53,"column":0},"end":{"line":53,"column":47}},"53":{"start":{"line":54,"column":0},"end":{"line":54,"column":50}},"54":{"start":{"line":55,"column":0},"end":{"line":55,"column":44}},"55":{"start":{"line":56,"column":0},"end":{"line":56,"column":68}},"56":{"start":{"line":57,"column":0},"end":{"line":57,"column":42}},"57":{"start":{"line":58,"column":0},"end":{"line":58,"column":66}},"58":{"start":{"line":59,"column":0},"end":{"line":59,"column":42}},"59":{"start":{"line":60,"column":0},"end":{"line":60,"column":38}},"60":{"start":{"line":61,"column":0},"end":{"line":61,"column":12}},"61":{"start":{"line":62,"column":0},"end":{"line":62,"column":5}},"62":{"start":{"line":63,"column":0},"end":{"line":63,"column":18}},"63":{"start":{"line":64,"column":0},"end":{"line":64,"column":36}},"64":{"start":{"line":65,"column":0},"end":{"line":65,"column":24}},"65":{"start":{"line":66,"column":0},"end":{"line":66,"column":36}},"66":{"start":{"line":67,"column":0},"end":{"line":67,"column":35}},"67":{"start":{"line":68,"column":0},"end":{"line":68,"column":5}},"68":{"start":{"line":69,"column":0},"end":{"line":69,"column":16}},"69":{"start":{"line":70,"column":0},"end":{"line":70,"column":30}},"70":{"start":{"line":71,"column":0},"end":{"line":71,"column":5}},"71":{"start":{"line":72,"column":0},"end":{"line":72,"column":15}},"72":{"start":{"line":73,"column":0},"end":{"line":73,"column":23}},"73":{"start":{"line":74,"column":0},"end":{"line":74,"column":27}},"74":{"start":{"line":75,"column":0},"end":{"line":75,"column":60}},"75":{"start":{"line":76,"column":0},"end":{"line":76,"column":6}},"76":{"start":{"line":77,"column":0},"end":{"line":77,"column":21}},"77":{"start":{"line":78,"column":0},"end":{"line":78,"column":62}},"78":{"start":{"line":79,"column":0},"end":{"line":79,"column":25}},"79":{"start":{"line":80,"column":0},"end":{"line":80,"column":6}},"80":{"start":{"line":81,"column":0},"end":{"line":81,"column":20}},"81":{"start":{"line":82,"column":0},"end":{"line":82,"column":37}},"82":{"start":{"line":83,"column":0},"end":{"line":83,"column":33}},"83":{"start":{"line":84,"column":0},"end":{"line":84,"column":6}},"84":{"start":{"line":85,"column":0},"end":{"line":85,"column":5}},"85":{"start":{"line":86,"column":0},"end":{"line":86,"column":15}},"86":{"start":{"line":87,"column":0},"end":{"line":87,"column":59}},"87":{"start":{"line":88,"column":0},"end":{"line":88,"column":55}},"88":{"start":{"line":89,"column":0},"end":{"line":89,"column":63}},"89":{"start":{"line":90,"column":0},"end":{"line":90,"column":10}},"90":{"start":{"line":91,"column":0},"end":{"line":91,"column":4}},"91":{"start":{"line":92,"column":0},"end":{"line":92,"column":3}},"92":{"start":{"line":93,"column":0},"end":{"line":93,"column":31}},"93":{"start":{"line":94,"column":0},"end":{"line":94,"column":2}},"95":{"start":{"line":96,"column":0},"end":{"line":96,"column":22}}},"s":{"0":0,"2":0,"4":0,"5":0,"6":0,"7":0,"8":0,"9":0,"10":0,"11":0,"12":0,"13":0,"14":0,"15":0,"16":0,"17":0,"18":0,"19":0,"20":0,"21":0,"22":0,"23":0,"24":0,"25":0,"26":0,"27":0,"28":0,"29":0,"30":0,"31":0,"32":0,"33":0,"34":0,"35":0,"36":0,"37":0,"38":0,"39":0,"40":0,"41":0,"42":0,"43":0,"44":0,"45":0,"46":0,"47":0,"48":0,"49":0,"50":0,"51":0,"52":0,"53":0,"54":0,"55":0,"56":0,"57":0,"58":0,"59":0,"60":0,"61":0,"62":0,"63":0,"64":0,"65":0,"66":0,"67":0,"68":0,"69":0,"70":0,"71":0,"72":0,"73":0,"74":0,"75":0,"76":0,"77":0,"78":0,"79":0,"80":0,"81":0,"82":0,"83":0,"84":0,"85":0,"86":0,"87":0,"88":0,"89":0,"90":0,"91":0,"92":0,"93":0,"95":0},"branchMap":{"0":{"type":"branch","line":1,"loc":{"start":{"line":1,"column":0},"end":{"line":96,"column":-359}},"locations":[{"start":{"line":1,"column":0},"end":{"line":96,"column":-359}}]}},"b":{"0":[0]},"fnMap":{"0":{"name":"(empty-report)","decl":{"start":{"line":1,"column":0},"end":{"line":96,"column":-359}},"loc":{"start":{"line":1,"column":0},"end":{"line":96,"column":-359}},"line":1}},"f":{"0":0}}
,"C:\\Users\\pierr\\Documents\\projects\\svelte-advanced\\src\\lib\\data-table.svelte": {"path":"C:\\Users\\pierr\\Documents\\projects\\svelte-advanced\\src\\lib\\data-table.svelte","all":false,"statementMap":{"0":{"start":{"line":1,"column":0},"end":{"line":1,"column":18}},"27":{"start":{"line":28,"column":0},"end":{"line":28,"column":28}},"30":{"start":{"line":31,"column":0},"end":{"line":31,"column":32}},"32":{"start":{"line":33,"column":0},"end":{"line":33,"column":27}},"39":{"start":{"line":40,"column":0},"end":{"line":40,"column":21}},"41":{"start":{"line":42,"column":0},"end":{"line":42,"column":29}},"44":{"start":{"line":45,"column":0},"end":{"line":45,"column":42}},"46":{"start":{"line":47,"column":0},"end":{"line":47,"column":90}}},"s":{"0":1,"27":1,"30":1,"32":1,"39":1,"41":1,"44":1,"46":1},"branchMap":{"0":{"type":"branch","line":28,"loc":{"start":{"line":28,"column":21},"end":{"line":28,"column":27}},"locations":[{"start":{"line":28,"column":21},"end":{"line":28,"column":27}}]},"1":{"type":"branch","line":33,"loc":{"start":{"line":33,"column":10},"end":{"line":33,"column":27}},"locations":[{"start":{"line":33,"column":10},"end":{"line":33,"column":27}}]},"2":{"type":"branch","line":40,"loc":{"start":{"line":40,"column":17},"end":{"line":40,"column":20}},"locations":[{"start":{"line":40,"column":17},"end":{"line":40,"column":20}}]}},"b":{"0":[2],"1":[1],"2":[2]},"fnMap":{},"f":{}}
,"C:\\Users\\pierr\\Documents\\projects\\svelte-advanced\\src\\lib\\http-client.ts": {"path":"C:\\Users\\pierr\\Documents\\projects\\svelte-advanced\\src\\lib\\http-client.ts","all":false,"statementMap":{"0":{"start":{"line":1,"column":0},"end":{"line":1,"column":26}},"11":{"start":{"line":12,"column":0},"end":{"line":12,"column":33}},"12":{"start":{"line":13,"column":0},"end":{"line":13,"column":70}},"13":{"start":{"line":14,"column":0},"end":{"line":14,"column":11}},"14":{"start":{"line":15,"column":0},"end":{"line":15,"column":36}},"15":{"start":{"line":16,"column":0},"end":{"line":16,"column":2}},"16":{"start":{"line":17,"column":0},"end":{"line":17,"column":3}},"18":{"start":{"line":19,"column":0},"end":{"line":19,"column":26}}},"s":{"0":1,"11":1,"12":1,"13":1,"14":1,"15":1,"16":1,"18":1},"branchMap":{},"b":{},"fnMap":{},"f":{}}
,"C:\\Users\\pierr\\Documents\\projects\\svelte-advanced\\src\\lib\\index.ts": {"path":"C:\\Users\\pierr\\Documents\\projects\\svelte-advanced\\src\\lib\\index.ts","all":true,"statementMap":{},"s":{},"branchMap":{"0":{"type":"branch","line":1,"loc":{"start":{"line":1,"column":74},"end":{"line":1,"column":74}},"locations":[{"start":{"line":1,"column":74},"end":{"line":1,"column":74}}]}},"b":{"0":[1]},"fnMap":{"0":{"name":"(empty-report)","decl":{"start":{"line":1,"column":74},"end":{"line":1,"column":74}},"loc":{"start":{"line":1,"column":74},"end":{"line":1,"column":74}},"line":1}},"f":{"0":1}}
,"C:\\Users\\pierr\\Documents\\projects\\svelte-advanced\\src\\lib\\radio-button.svelte": {"path":"C:\\Users\\pierr\\Documents\\projects\\svelte-advanced\\src\\lib\\radio-button.svelte","all":true,"statementMap":{"0":{"start":{"line":1,"column":0},"end":{"line":1,"column":96}},"2":{"start":{"line":3,"column":0},"end":{"line":3,"column":22}},"3":{"start":{"line":4,"column":0},"end":{"line":4,"column":57}},"7":{"start":{"line":8,"column":0},"end":{"line":8,"column":101}},"9":{"start":{"line":10,"column":0},"end":{"line":10,"column":57}},"10":{"start":{"line":11,"column":0},"end":{"line":11,"column":28}},"11":{"start":{"line":12,"column":0},"end":{"line":12,"column":37}},"12":{"start":{"line":13,"column":0},"end":{"line":13,"column":57}},"14":{"start":{"line":15,"column":0},"end":{"line":15,"column":17}},"16":{"start":{"line":17,"column":0},"end":{"line":17,"column":24}},"17":{"start":{"line":18,"column":0},"end":{"line":18,"column":37}},"18":{"start":{"line":19,"column":0},"end":{"line":19,"column":1}},"20":{"start":{"line":21,"column":0},"end":{"line":21,"column":32}}},"s":{"0":0,"2":0,"3":0,"7":0,"9":0,"10":0,"11":0,"12":0,"14":0,"16":0,"17":0,"18":0,"20":0},"branchMap":{"0":{"type":"branch","line":1,"loc":{"start":{"line":1,"column":0},"end":{"line":21,"column":-335}},"locations":[{"start":{"line":1,"column":0},"end":{"line":21,"column":-335}}]}},"b":{"0":[0]},"fnMap":{"0":{"name":"(empty-report)","decl":{"start":{"line":1,"column":0},"end":{"line":21,"column":-335}},"loc":{"start":{"line":1,"column":0},"end":{"line":21,"column":-335}},"line":1}},"f":{"0":0}}
,"C:\\Users\\pierr\\Documents\\projects\\svelte-advanced\\src\\lib\\snackbar-provider.svelte": {"path":"C:\\Users\\pierr\\Documents\\projects\\svelte-advanced\\src\\lib\\snackbar-provider.svelte","all":true,"statementMap":{"0":{"start":{"line":1,"column":0},"end":{"line":1,"column":18}},"3":{"start":{"line":4,"column":0},"end":{"line":4,"column":44}},"5":{"start":{"line":6,"column":0},"end":{"line":6,"column":44}},"6":{"start":{"line":7,"column":0},"end":{"line":7,"column":21}},"7":{"start":{"line":8,"column":0},"end":{"line":8,"column":20}},"8":{"start":{"line":9,"column":0},"end":{"line":9,"column":19}},"9":{"start":{"line":10,"column":0},"end":{"line":10,"column":11}},"13":{"start":{"line":14,"column":0},"end":{"line":14,"column":69}},"16":{"start":{"line":17,"column":0},"end":{"line":17,"column":14}},"18":{"start":{"line":19,"column":0},"end":{"line":19,"column":19}}},"s":{"0":0,"3":0,"5":0,"6":0,"7":0,"8":0,"9":0,"13":0,"16":0,"18":0},"branchMap":{"0":{"type":"branch","line":1,"loc":{"start":{"line":1,"column":458},"end":{"line":23,"column":20}},"locations":[{"start":{"line":1,"column":458},"end":{"line":23,"column":20}}]}},"b":{"0":[0]},"fnMap":{"0":{"name":"(empty-report)","decl":{"start":{"line":1,"column":458},"end":{"line":23,"column":20}},"loc":{"start":{"line":1,"column":458},"end":{"line":23,"column":20}},"line":1}},"f":{"0":0}}
,"C:\\Users\\pierr\\Documents\\projects\\svelte-advanced\\src\\lib\\useSnackBar.ts": {"path":"C:\\Users\\pierr\\Documents\\projects\\svelte-advanced\\src\\lib\\useSnackBar.ts","all":true,"statementMap":{"0":{"start":{"line":1,"column":0},"end":{"line":1,"column":36}},"4":{"start":{"line":5,"column":0},"end":{"line":5,"column":34}},"5":{"start":{"line":6,"column":0},"end":{"line":6,"column":68}},"7":{"start":{"line":8,"column":0},"end":{"line":8,"column":21}},"8":{"start":{"line":9,"column":0},"end":{"line":9,"column":2}}},"s":{"0":0,"4":0,"5":0,"7":0,"8":0},"branchMap":{"0":{"type":"branch","line":1,"loc":{"start":{"line":1,"column":0},"end":{"line":9,"column":-43}},"locations":[{"start":{"line":1,"column":0},"end":{"line":9,"column":-43}}]}},"b":{"0":[0]},"fnMap":{"0":{"name":"(empty-report)","decl":{"start":{"line":1,"column":0},"end":{"line":9,"column":-43}},"loc":{"start":{"line":1,"column":0},"end":{"line":9,"column":-43}},"line":1}},"f":{"0":0}}
,"C:\\Users\\pierr\\Documents\\projects\\svelte-advanced\\src\\lib\\utils.ts": {"path":"C:\\Users\\pierr\\Documents\\projects\\svelte-advanced\\src\\lib\\utils.ts","all":true,"statementMap":{"0":{"start":{"line":1,"column":0},"end":{"line":1,"column":45}},"3":{"start":{"line":4,"column":0},"end":{"line":4,"column":45}},"4":{"start":{"line":5,"column":0},"end":{"line":5,"column":30}},"5":{"start":{"line":6,"column":0},"end":{"line":6,"column":1}}},"s":{"0":0,"3":0,"4":0,"5":0},"branchMap":{"0":{"type":"branch","line":1,"loc":{"start":{"line":1,"column":167},"end":{"line":6,"column":1}},"locations":[{"start":{"line":1,"column":167},"end":{"line":6,"column":1}}]}},"b":{"0":[0]},"fnMap":{"0":{"name":"(empty-report)","decl":{"start":{"line":1,"column":167},"end":{"line":6,"column":1}},"loc":{"start":{"line":1,"column":167},"end":{"line":6,"column":1}},"line":1}},"f":{"0":0}}
,"C:\\Users\\pierr\\Documents\\projects\\svelte-advanced\\src\\lib\\components\\ui\\accordion\\accordion-content.svelte": {"path":"C:\\Users\\pierr\\Documents\\projects\\svelte-advanced\\src\\lib\\components\\ui\\accordion\\accordion-content.svelte","all":true,"statementMap":{"0":{"start":{"line":1,"column":0},"end":{"line":1,"column":18}},"5":{"start":{"line":6,"column":0},"end":{"line":6,"column":24}},"8":{"start":{"line":9,"column":0},"end":{"line":9,"column":14}},"14":{"start":{"line":15,"column":0},"end":{"line":15,"column":11}},"15":{"start":{"line":16,"column":0},"end":{"line":16,"column":110}},"18":{"start":{"line":19,"column":0},"end":{"line":19,"column":15}}},"s":{"0":0,"5":0,"8":0,"14":0,"15":0,"18":0},"branchMap":{"0":{"type":"branch","line":1,"loc":{"start":{"line":1,"column":570},"end":{"line":24,"column":29}},"locations":[{"start":{"line":1,"column":570},"end":{"line":24,"column":29}}]}},"b":{"0":[0]},"fnMap":{"0":{"name":"(empty-report)","decl":{"start":{"line":1,"column":570},"end":{"line":24,"column":29}},"loc":{"start":{"line":1,"column":570},"end":{"line":24,"column":29}},"line":1}},"f":{"0":0}}
,"C:\\Users\\pierr\\Documents\\projects\\svelte-advanced\\src\\lib\\components\\ui\\accordion\\accordion-item.svelte": {"path":"C:\\Users\\pierr\\Documents\\projects\\svelte-advanced\\src\\lib\\components\\ui\\accordion\\accordion-item.svelte","all":true,"statementMap":{"0":{"start":{"line":1,"column":0},"end":{"line":1,"column":18}},"5":{"start":{"line":6,"column":0},"end":{"line":6,"column":24}},"7":{"start":{"line":8,"column":0},"end":{"line":8,"column":14}},"11":{"start":{"line":12,"column":0},"end":{"line":12,"column":85}}},"s":{"0":0,"5":0,"7":0,"11":0},"branchMap":{"0":{"type":"branch","line":1,"loc":{"start":{"line":1,"column":325},"end":{"line":12,"column":85}},"locations":[{"start":{"line":1,"column":325},"end":{"line":12,"column":85}}]}},"b":{"0":[0]},"fnMap":{"0":{"name":"(empty-report)","decl":{"start":{"line":1,"column":325},"end":{"line":12,"column":85}},"loc":{"start":{"line":1,"column":325},"end":{"line":12,"column":85}},"line":1}},"f":{"0":0}}
,"C:\\Users\\pierr\\Documents\\projects\\svelte-advanced\\src\\lib\\components\\ui\\accordion\\accordion-trigger.svelte": {"path":"C:\\Users\\pierr\\Documents\\projects\\svelte-advanced\\src\\lib\\components\\ui\\accordion\\accordion-trigger.svelte","all":true,"statementMap":{"0":{"start":{"line":1,"column":0},"end":{"line":1,"column":18}},"6":{"start":{"line":7,"column":0},"end":{"line":7,"column":24}},"8":{"start":{"line":9,"column":0},"end":{"line":9,"column":12}},"10":{"start":{"line":11,"column":0},"end":{"line":11,"column":14}},"19":{"start":{"line":20,"column":0},"end":{"line":20,"column":12}},"20":{"start":{"line":21,"column":0},"end":{"line":21,"column":138}},"23":{"start":{"line":24,"column":0},"end":{"line":24,"column":16}}},"s":{"0":0,"6":0,"8":0,"10":0,"19":0,"20":0,"23":0},"branchMap":{"0":{"type":"branch","line":1,"loc":{"start":{"line":1,"column":886},"end":{"line":31,"column":28}},"locations":[{"start":{"line":1,"column":886},"end":{"line":31,"column":28}}]}},"b":{"0":[0]},"fnMap":{"0":{"name":"(empty-report)","decl":{"start":{"line":1,"column":886},"end":{"line":31,"column":28}},"loc":{"start":{"line":1,"column":886},"end":{"line":31,"column":28}},"line":1}},"f":{"0":0}}
,"C:\\Users\\pierr\\Documents\\projects\\svelte-advanced\\src\\lib\\components\\ui\\accordion\\index.ts": {"path":"C:\\Users\\pierr\\Documents\\projects\\svelte-advanced\\src\\lib\\components\\ui\\accordion\\index.ts","all":true,"statementMap":{"0":{"start":{"line":1,"column":0},"end":{"line":1,"column":58}},"5":{"start":{"line":6,"column":0},"end":{"line":6,"column":37}}},"s":{"0":0,"5":0},"branchMap":{"0":{"type":"branch","line":1,"loc":{"start":{"line":1,"column":395},"end":{"line":17,"column":2}},"locations":[{"start":{"line":1,"column":395},"end":{"line":17,"column":2}}]}},"b":{"0":[0]},"fnMap":{"0":{"name":"(empty-report)","decl":{"start":{"line":1,"column":395},"end":{"line":17,"column":2}},"loc":{"start":{"line":1,"column":395},"end":{"line":17,"column":2}},"line":1}},"f":{"0":0}}
,"C:\\Users\\pierr\\Documents\\projects\\svelte-advanced\\src\\lib\\components\\ui\\alert\\alert-description.svelte": {"path":"C:\\Users\\pierr\\Documents\\projects\\svelte-advanced\\src\\lib\\components\\ui\\alert\\alert-description.svelte","all":true,"statementMap":{"0":{"start":{"line":1,"column":0},"end":{"line":1,"column":18}},"6":{"start":{"line":7,"column":0},"end":{"line":7,"column":24}},"9":{"start":{"line":10,"column":0},"end":{"line":10,"column":14}},"13":{"start":{"line":14,"column":0},"end":{"line":14,"column":91}}},"s":{"0":0,"6":0,"9":0,"13":0},"branchMap":{"0":{"type":"branch","line":1,"loc":{"start":{"line":1,"column":436},"end":{"line":16,"column":6}},"locations":[{"start":{"line":1,"column":436},"end":{"line":16,"column":6}}]}},"b":{"0":[0]},"fnMap":{"0":{"name":"(empty-report)","decl":{"start":{"line":1,"column":436},"end":{"line":16,"column":6}},"loc":{"start":{"line":1,"column":436},"end":{"line":16,"column":6}},"line":1}},"f":{"0":0}}
,"C:\\Users\\pierr\\Documents\\projects\\svelte-advanced\\src\\lib\\components\\ui\\alert\\alert-title.svelte": {"path":"C:\\Users\\pierr\\Documents\\projects\\svelte-advanced\\src\\lib\\components\\ui\\alert\\alert-title.svelte","all":true,"statementMap":{"0":{"start":{"line":1,"column":0},"end":{"line":1,"column":18}},"6":{"start":{"line":7,"column":0},"end":{"line":7,"column":24}},"8":{"start":{"line":9,"column":0},"end":{"line":9,"column":12}},"10":{"start":{"line":11,"column":0},"end":{"line":11,"column":14}},"17":{"start":{"line":18,"column":0},"end":{"line":18,"column":16}},"18":{"start":{"line":19,"column":0},"end":{"line":19,"column":19}},"19":{"start":{"line":20,"column":0},"end":{"line":20,"column":70}},"20":{"start":{"line":21,"column":0},"end":{"line":21,"column":15}}},"s":{"0":0,"6":0,"8":0,"10":0,"17":0,"18":0,"19":0,"20":0},"branchMap":{"0":{"type":"branch","line":1,"loc":{"start":{"line":1,"column":528},"end":{"line":24,"column":6}},"locations":[{"start":{"line":1,"column":528},"end":{"line":24,"column":6}}]}},"b":{"0":[0]},"fnMap":{"0":{"name":"(empty-report)","decl":{"start":{"line":1,"column":528},"end":{"line":24,"column":6}},"loc":{"start":{"line":1,"column":528},"end":{"line":24,"column":6}},"line":1}},"f":{"0":0}}
,"C:\\Users\\pierr\\Documents\\projects\\svelte-advanced\\src\\lib\\components\\ui\\alert\\alert.svelte": {"path":"C:\\Users\\pierr\\Documents\\projects\\svelte-advanced\\src\\lib\\components\\ui\\alert\\alert.svelte","all":true,"statementMap":{"0":{"start":{"line":1,"column":0},"end":{"line":1,"column":25}},"3":{"start":{"line":4,"column":0},"end":{"line":4,"column":34}},"4":{"start":{"line":5,"column":0},"end":{"line":5,"column":147}},"5":{"start":{"line":6,"column":0},"end":{"line":6,"column":13}},"6":{"start":{"line":7,"column":0},"end":{"line":7,"column":13}},"7":{"start":{"line":8,"column":0},"end":{"line":8,"column":45}},"8":{"start":{"line":9,"column":0},"end":{"line":9,"column":16}},"9":{"start":{"line":10,"column":0},"end":{"line":10,"column":95}},"12":{"start":{"line":13,"column":0},"end":{"line":13,"column":20}},"13":{"start":{"line":14,"column":0},"end":{"line":14,"column":22}},"26":{"start":{"line":27,"column":0},"end":{"line":27,"column":24}},"28":{"start":{"line":29,"column":0},"end":{"line":29,"column":22}},"30":{"start":{"line":31,"column":0},"end":{"line":31,"column":14}},"36":{"start":{"line":37,"column":0},"end":{"line":37,"column":99}}},"s":{"0":0,"3":0,"4":0,"5":0,"6":0,"7":0,"8":0,"9":0,"12":0,"13":0,"26":0,"28":0,"30":0,"36":0},"branchMap":{"0":{"type":"branch","line":1,"loc":{"start":{"line":1,"column":0},"end":{"line":39,"column":-618}},"locations":[{"start":{"line":1,"column":0},"end":{"line":39,"column":-618}}]}},"b":{"0":[0]},"fnMap":{"0":{"name":"(empty-report)","decl":{"start":{"line":1,"column":0},"end":{"line":39,"column":-618}},"loc":{"start":{"line":1,"column":0},"end":{"line":39,"column":-618}},"line":1}},"f":{"0":0}}
,"C:\\Users\\pierr\\Documents\\projects\\svelte-advanced\\src\\lib\\components\\ui\\alert\\index.ts": {"path":"C:\\Users\\pierr\\Documents\\projects\\svelte-advanced\\src\\lib\\components\\ui\\alert\\index.ts","all":true,"statementMap":{"0":{"start":{"line":1,"column":0},"end":{"line":1,"column":34}}},"s":{"0":0},"branchMap":{"0":{"type":"branch","line":1,"loc":{"start":{"line":1,"column":315},"end":{"line":14,"column":2}},"locations":[{"start":{"line":1,"column":315},"end":{"line":14,"column":2}}]}},"b":{"0":[0]},"fnMap":{"0":{"name":"(empty-report)","decl":{"start":{"line":1,"column":315},"end":{"line":14,"column":2}},"loc":{"start":{"line":1,"column":315},"end":{"line":14,"column":2}},"line":1}},"f":{"0":0}}
,"C:\\Users\\pierr\\Documents\\projects\\svelte-advanced\\src\\lib\\components\\ui\\alert-dialog\\alert-dialog-action.svelte": {"path":"C:\\Users\\pierr\\Documents\\projects\\svelte-advanced\\src\\lib\\components\\ui\\alert-dialog\\alert-dialog-action.svelte","all":true,"statementMap":{"0":{"start":{"line":1,"column":0},"end":{"line":1,"column":18}},"7":{"start":{"line":8,"column":0},"end":{"line":8,"column":24}},"8":{"start":{"line":9,"column":0},"end":{"line":9,"column":14}},"12":{"start":{"line":13,"column":0},"end":{"line":13,"column":95}}},"s":{"0":0,"7":0,"8":0,"12":0},"branchMap":{"0":{"type":"branch","line":1,"loc":{"start":{"line":1,"column":413},"end":{"line":13,"column":95}},"locations":[{"start":{"line":1,"column":413},"end":{"line":13,"column":95}}]}},"b":{"0":[0]},"fnMap":{"0":{"name":"(empty-report)","decl":{"start":{"line":1,"column":413},"end":{"line":13,"column":95}},"loc":{"start":{"line":1,"column":413},"end":{"line":13,"column":95}},"line":1}},"f":{"0":0}}
,"C:\\Users\\pierr\\Documents\\projects\\svelte-advanced\\src\\lib\\components\\ui\\alert-dialog\\alert-dialog-cancel.svelte": {"path":"C:\\Users\\pierr\\Documents\\projects\\svelte-advanced\\src\\lib\\components\\ui\\alert-dialog\\alert-dialog-cancel.svelte","all":true,"statementMap":{"0":{"start":{"line":1,"column":0},"end":{"line":1,"column":18}},"7":{"start":{"line":8,"column":0},"end":{"line":8,"column":24}},"8":{"start":{"line":9,"column":0},"end":{"line":9,"column":14}},"14":{"start":{"line":15,"column":0},"end":{"line":15,"column":78}},"15":{"start":{"line":16,"column":0},"end":{"line":16,"column":15}}},"s":{"0":0,"7":0,"8":0,"14":0,"15":0},"branchMap":{"0":{"type":"branch","line":1,"loc":{"start":{"line":1,"column":454},"end":{"line":17,"column":2}},"locations":[{"start":{"line":1,"column":454},"end":{"line":17,"column":2}}]}},"b":{"0":[0]},"fnMap":{"0":{"name":"(empty-report)","decl":{"start":{"line":1,"column":454},"end":{"line":17,"column":2}},"loc":{"start":{"line":1,"column":454},"end":{"line":17,"column":2}},"line":1}},"f":{"0":0}}
,"C:\\Users\\pierr\\Documents\\projects\\svelte-advanced\\src\\lib\\components\\ui\\alert-dialog\\alert-dialog-content.svelte": {"path":"C:\\Users\\pierr\\Documents\\projects\\svelte-advanced\\src\\lib\\components\\ui\\alert-dialog\\alert-dialog-content.svelte","all":true,"statementMap":{"0":{"start":{"line":1,"column":0},"end":{"line":1,"column":18}},"6":{"start":{"line":7,"column":0},"end":{"line":7,"column":24}},"9":{"start":{"line":10,"column":0},"end":{"line":10,"column":14}},"19":{"start":{"line":20,"column":0},"end":{"line":20,"column":12}},"20":{"start":{"line":21,"column":0},"end":{"line":21,"column":513}},"23":{"start":{"line":24,"column":0},"end":{"line":24,"column":16}}},"s":{"0":0,"6":0,"9":0,"19":0,"20":0,"23":0},"branchMap":{"0":{"type":"branch","line":1,"loc":{"start":{"line":1,"column":1128},"end":{"line":26,"column":30}},"locations":[{"start":{"line":1,"column":1128},"end":{"line":26,"column":30}}]}},"b":{"0":[0]},"fnMap":{"0":{"name":"(empty-report)","decl":{"start":{"line":1,"column":1128},"end":{"line":26,"column":30}},"loc":{"start":{"line":1,"column":1128},"end":{"line":26,"column":30}},"line":1}},"f":{"0":0}}
,"C:\\Users\\pierr\\Documents\\projects\\svelte-advanced\\src\\lib\\components\\ui\\alert-dialog\\alert-dialog-description.svelte": {"path":"C:\\Users\\pierr\\Documents\\projects\\svelte-advanced\\src\\lib\\components\\ui\\alert-dialog\\alert-dialog-description.svelte","all":true,"statementMap":{"0":{"start":{"line":1,"column":0},"end":{"line":1,"column":18}},"6":{"start":{"line":7,"column":0},"end":{"line":7,"column":24}},"7":{"start":{"line":8,"column":0},"end":{"line":8,"column":14}},"13":{"start":{"line":14,"column":0},"end":{"line":14,"column":55}},"14":{"start":{"line":15,"column":0},"end":{"line":15,"column":15}}},"s":{"0":0,"6":0,"7":0,"13":0,"14":0},"branchMap":{"0":{"type":"branch","line":1,"loc":{"start":{"line":1,"column":371},"end":{"line":16,"column":2}},"locations":[{"start":{"line":1,"column":371},"end":{"line":16,"column":2}}]}},"b":{"0":[0]},"fnMap":{"0":{"name":"(empty-report)","decl":{"start":{"line":1,"column":371},"end":{"line":16,"column":2}},"loc":{"start":{"line":1,"column":371},"end":{"line":16,"column":2}},"line":1}},"f":{"0":0}}
,"C:\\Users\\pierr\\Documents\\projects\\svelte-advanced\\src\\lib\\components\\ui\\alert-dialog\\alert-dialog-footer.svelte": {"path":"C:\\Users\\pierr\\Documents\\projects\\svelte-advanced\\src\\lib\\components\\ui\\alert-dialog\\alert-dialog-footer.svelte","all":true,"statementMap":{"0":{"start":{"line":1,"column":0},"end":{"line":1,"column":18}},"6":{"start":{"line":7,"column":0},"end":{"line":7,"column":24}},"9":{"start":{"line":10,"column":0},"end":{"line":10,"column":14}},"14":{"start":{"line":15,"column":0},"end":{"line":15,"column":16}},"15":{"start":{"line":16,"column":0},"end":{"line":16,"column":87}},"16":{"start":{"line":17,"column":0},"end":{"line":17,"column":15}}},"s":{"0":0,"6":0,"9":0,"14":0,"15":0,"16":0},"branchMap":{"0":{"type":"branch","line":1,"loc":{"start":{"line":1,"column":472},"end":{"line":20,"column":6}},"locations":[{"start":{"line":1,"column":472},"end":{"line":20,"column":6}}]}},"b":{"0":[0]},"fnMap":{"0":{"name":"(empty-report)","decl":{"start":{"line":1,"column":472},"end":{"line":20,"column":6}},"loc":{"start":{"line":1,"column":472},"end":{"line":20,"column":6}},"line":1}},"f":{"0":0}}
,"C:\\Users\\pierr\\Documents\\projects\\svelte-advanced\\src\\lib\\components\\ui\\alert-dialog\\alert-dialog-header.svelte": {"path":"C:\\Users\\pierr\\Documents\\projects\\svelte-advanced\\src\\lib\\components\\ui\\alert-dialog\\alert-dialog-header.svelte","all":true,"statementMap":{"0":{"start":{"line":1,"column":0},"end":{"line":1,"column":18}},"6":{"start":{"line":7,"column":0},"end":{"line":7,"column":24}},"9":{"start":{"line":10,"column":0},"end":{"line":10,"column":14}},"14":{"start":{"line":15,"column":0},"end":{"line":15,"column":16}},"15":{"start":{"line":16,"column":0},"end":{"line":16,"column":74}},"16":{"start":{"line":17,"column":0},"end":{"line":17,"column":15}}},"s":{"0":0,"6":0,"9":0,"14":0,"15":0,"16":0},"branchMap":{"0":{"type":"branch","line":1,"loc":{"start":{"line":1,"column":459},"end":{"line":20,"column":6}},"locations":[{"start":{"line":1,"column":459},"end":{"line":20,"column":6}}]}},"b":{"0":[0]},"fnMap":{"0":{"name":"(empty-report)","decl":{"start":{"line":1,"column":459},"end":{"line":20,"column":6}},"loc":{"start":{"line":1,"column":459},"end":{"line":20,"column":6}},"line":1}},"f":{"0":0}}
,"C:\\Users\\pierr\\Documents\\projects\\svelte-advanced\\src\\lib\\components\\ui\\alert-dialog\\alert-dialog-overlay.svelte": {"path":"C:\\Users\\pierr\\Documents\\projects\\svelte-advanced\\src\\lib\\components\\ui\\alert-dialog\\alert-dialog-overlay.svelte","all":true,"statementMap":{"0":{"start":{"line":1,"column":0},"end":{"line":1,"column":18}},"6":{"start":{"line":7,"column":0},"end":{"line":7,"column":24}},"7":{"start":{"line":8,"column":0},"end":{"line":8,"column":14}},"13":{"start":{"line":14,"column":0},"end":{"line":14,"column":11}},"14":{"start":{"line":15,"column":0},"end":{"line":15,"column":155}},"17":{"start":{"line":18,"column":0},"end":{"line":18,"column":15}}},"s":{"0":0,"6":0,"7":0,"13":0,"14":0,"17":0},"branchMap":{"0":{"type":"branch","line":1,"loc":{"start":{"line":1,"column":491},"end":{"line":19,"column":2}},"locations":[{"start":{"line":1,"column":491},"end":{"line":19,"column":2}}]}},"b":{"0":[0]},"fnMap":{"0":{"name":"(empty-report)","decl":{"start":{"line":1,"column":491},"end":{"line":19,"column":2}},"loc":{"start":{"line":1,"column":491},"end":{"line":19,"column":2}},"line":1}},"f":{"0":0}}
,"C:\\Users\\pierr\\Documents\\projects\\svelte-advanced\\src\\lib\\components\\ui\\alert-dialog\\alert-dialog-title.svelte": {"path":"C:\\Users\\pierr\\Documents\\projects\\svelte-advanced\\src\\lib\\components\\ui\\alert-dialog\\alert-dialog-title.svelte","all":true,"statementMap":{"0":{"start":{"line":1,"column":0},"end":{"line":1,"column":18}},"6":{"start":{"line":7,"column":0},"end":{"line":7,"column":12}},"7":{"start":{"line":8,"column":0},"end":{"line":8,"column":24}},"8":{"start":{"line":9,"column":0},"end":{"line":9,"column":14}},"14":{"start":{"line":15,"column":0},"end":{"line":15,"column":47}},"16":{"start":{"line":17,"column":0},"end":{"line":17,"column":15}}},"s":{"0":0,"6":0,"7":0,"8":0,"14":0,"16":0},"branchMap":{"0":{"type":"branch","line":1,"loc":{"start":{"line":1,"column":373},"end":{"line":18,"column":2}},"locations":[{"start":{"line":1,"column":373},"end":{"line":18,"column":2}}]}},"b":{"0":[0]},"fnMap":{"0":{"name":"(empty-report)","decl":{"start":{"line":1,"column":373},"end":{"line":18,"column":2}},"loc":{"start":{"line":1,"column":373},"end":{"line":18,"column":2}},"line":1}},"f":{"0":0}}
,"C:\\Users\\pierr\\Documents\\projects\\svelte-advanced\\src\\lib\\components\\ui\\alert-dialog\\index.ts": {"path":"C:\\Users\\pierr\\Documents\\projects\\svelte-advanced\\src\\lib\\components\\ui\\alert-dialog\\index.ts","all":true,"statementMap":{"0":{"start":{"line":1,"column":0},"end":{"line":1,"column":62}},"11":{"start":{"line":12,"column":0},"end":{"line":12,"column":39}},"12":{"start":{"line":13,"column":0},"end":{"line":13,"column":45}},"13":{"start":{"line":14,"column":0},"end":{"line":14,"column":43}}},"s":{"0":0,"11":0,"12":0,"13":0},"branchMap":{"0":{"type":"branch","line":1,"loc":{"start":{"line":1,"column":1071},"end":{"line":40,"column":2}},"locations":[{"start":{"line":1,"column":1071},"end":{"line":40,"column":2}}]}},"b":{"0":[0]},"fnMap":{"0":{"name":"(empty-report)","decl":{"start":{"line":1,"column":1071},"end":{"line":40,"column":2}},"loc":{"start":{"line":1,"column":1071},"end":{"line":40,"column":2}},"line":1}},"f":{"0":0}}
,"C:\\Users\\pierr\\Documents\\projects\\svelte-advanced\\src\\lib\\components\\ui\\aspect-ratio\\index.ts": {"path":"C:\\Users\\pierr\\Documents\\projects\\svelte-advanced\\src\\lib\\components\\ui\\aspect-ratio\\index.ts","all":true,"statementMap":{"0":{"start":{"line":1,"column":0},"end":{"line":1,"column":62}},"2":{"start":{"line":3,"column":0},"end":{"line":3,"column":39}}},"s":{"0":0,"2":0},"branchMap":{"0":{"type":"branch","line":1,"loc":{"start":{"line":1,"column":0},"end":{"line":5,"column":-43}},"locations":[{"start":{"line":1,"column":0},"end":{"line":5,"column":-43}}]}},"b":{"0":[0]},"fnMap":{"0":{"name":"(empty-report)","decl":{"start":{"line":1,"column":0},"end":{"line":5,"column":-43}},"loc":{"start":{"line":1,"column":0},"end":{"line":5,"column":-43}},"line":1}},"f":{"0":0}}
,"C:\\Users\\pierr\\Documents\\projects\\svelte-advanced\\src\\lib\\components\\ui\\avatar\\avatar-fallback.svelte": {"path":"C:\\Users\\pierr\\Documents\\projects\\svelte-advanced\\src\\lib\\components\\ui\\avatar\\avatar-fallback.svelte","all":true,"statementMap":{"0":{"start":{"line":1,"column":0},"end":{"line":1,"column":18}},"6":{"start":{"line":7,"column":0},"end":{"line":7,"column":24}},"7":{"start":{"line":8,"column":0},"end":{"line":8,"column":14}},"13":{"start":{"line":14,"column":0},"end":{"line":14,"column":94}},"14":{"start":{"line":15,"column":0},"end":{"line":15,"column":15}}},"s":{"0":0,"6":0,"7":0,"13":0,"14":0},"branchMap":{"0":{"type":"branch","line":1,"loc":{"start":{"line":1,"column":384},"end":{"line":16,"column":2}},"locations":[{"start":{"line":1,"column":384},"end":{"line":16,"column":2}}]}},"b":{"0":[0]},"fnMap":{"0":{"name":"(empty-report)","decl":{"start":{"line":1,"column":384},"end":{"line":16,"column":2}},"loc":{"start":{"line":1,"column":384},"end":{"line":16,"column":2}},"line":1}},"f":{"0":0}}
,"C:\\Users\\pierr\\Documents\\projects\\svelte-advanced\\src\\lib\\components\\ui\\avatar\\avatar-image.svelte": {"path":"C:\\Users\\pierr\\Documents\\projects\\svelte-advanced\\src\\lib\\components\\ui\\avatar\\avatar-image.svelte","all":true,"statementMap":{"0":{"start":{"line":1,"column":0},"end":{"line":1,"column":18}},"8":{"start":{"line":9,"column":0},"end":{"line":9,"column":24}},"9":{"start":{"line":10,"column":0},"end":{"line":10,"column":14}},"17":{"start":{"line":18,"column":0},"end":{"line":18,"column":53}},"18":{"start":{"line":19,"column":0},"end":{"line":19,"column":15}}},"s":{"0":0,"8":0,"9":0,"17":0,"18":0},"branchMap":{"0":{"type":"branch","line":1,"loc":{"start":{"line":1,"column":365},"end":{"line":20,"column":2}},"locations":[{"start":{"line":1,"column":365},"end":{"line":20,"column":2}}]}},"b":{"0":[0]},"fnMap":{"0":{"name":"(empty-report)","decl":{"start":{"line":1,"column":365},"end":{"line":20,"column":2}},"loc":{"start":{"line":1,"column":365},"end":{"line":20,"column":2}},"line":1}},"f":{"0":0}}
,"C:\\Users\\pierr\\Documents\\projects\\svelte-advanced\\src\\lib\\components\\ui\\avatar\\avatar.svelte": {"path":"C:\\Users\\pierr\\Documents\\projects\\svelte-advanced\\src\\lib\\components\\ui\\avatar\\avatar.svelte","all":true,"statementMap":{"0":{"start":{"line":1,"column":0},"end":{"line":1,"column":18}},"6":{"start":{"line":7,"column":0},"end":{"line":7,"column":24}},"7":{"start":{"line":8,"column":0},"end":{"line":8,"column":39}},"8":{"start":{"line":9,"column":0},"end":{"line":9,"column":14}},"15":{"start":{"line":16,"column":0},"end":{"line":16,"column":85}},"16":{"start":{"line":17,"column":0},"end":{"line":17,"column":15}}},"s":{"0":0,"6":0,"7":0,"8":0,"15":0,"16":0},"branchMap":{"0":{"type":"branch","line":1,"loc":{"start":{"line":1,"column":427},"end":{"line":18,"column":2}},"locations":[{"start":{"line":1,"column":427},"end":{"line":18,"column":2}}]}},"b":{"0":[0]},"fnMap":{"0":{"name":"(empty-report)","decl":{"start":{"line":1,"column":427},"end":{"line":18,"column":2}},"loc":{"start":{"line":1,"column":427},"end":{"line":18,"column":2}},"line":1}},"f":{"0":0}}
,"C:\\Users\\pierr\\Documents\\projects\\svelte-advanced\\src\\lib\\components\\ui\\avatar\\index.ts": {"path":"C:\\Users\\pierr\\Documents\\projects\\svelte-advanced\\src\\lib\\components\\ui\\avatar\\index.ts","all":true,"statementMap":{"0":{"start":{"line":1,"column":0},"end":{"line":1,"column":35}}},"s":{"0":0},"branchMap":{"0":{"type":"branch","line":1,"loc":{"start":{"line":1,"column":239},"end":{"line":13,"column":2}},"locations":[{"start":{"line":1,"column":239},"end":{"line":13,"column":2}}]}},"b":{"0":[0]},"fnMap":{"0":{"name":"(empty-report)","decl":{"start":{"line":1,"column":239},"end":{"line":13,"column":2}},"loc":{"start":{"line":1,"column":239},"end":{"line":13,"column":2}},"line":1}},"f":{"0":0}}
,"C:\\Users\\pierr\\Documents\\projects\\svelte-advanced\\src\\lib\\components\\ui\\badge\\badge.svelte": {"path":"C:\\Users\\pierr\\Documents\\projects\\svelte-advanced\\src\\lib\\components\\ui\\badge\\badge.svelte","all":true,"statementMap":{"0":{"start":{"line":1,"column":0},"end":{"line":1,"column":25}},"2":{"start":{"line":3,"column":0},"end":{"line":3,"column":34}},"3":{"start":{"line":4,"column":0},"end":{"line":4,"column":187}},"4":{"start":{"line":5,"column":0},"end":{"line":5,"column":13}},"5":{"start":{"line":6,"column":0},"end":{"line":6,"column":13}},"6":{"start":{"line":7,"column":0},"end":{"line":7,"column":12}},"7":{"start":{"line":8,"column":0},"end":{"line":8,"column":88}},"8":{"start":{"line":9,"column":0},"end":{"line":9,"column":14}},"9":{"start":{"line":10,"column":0},"end":{"line":10,"column":87}},"10":{"start":{"line":11,"column":0},"end":{"line":11,"column":16}},"11":{"start":{"line":12,"column":0},"end":{"line":12,"column":100}},"12":{"start":{"line":13,"column":0},"end":{"line":13,"column":31}},"15":{"start":{"line":16,"column":0},"end":{"line":16,"column":20}},"16":{"start":{"line":17,"column":0},"end":{"line":17,"column":22}},"29":{"start":{"line":30,"column":0},"end":{"line":30,"column":24}},"32":{"start":{"line":33,"column":0},"end":{"line":33,"column":22}},"34":{"start":{"line":35,"column":0},"end":{"line":35,"column":14}},"41":{"start":{"line":42,"column":0},"end":{"line":42,"column":27}},"42":{"start":{"line":43,"column":0},"end":{"line":43,"column":16}},"44":{"start":{"line":45,"column":0},"end":{"line":45,"column":50}},"45":{"start":{"line":46,"column":0},"end":{"line":46,"column":15}}},"s":{"0":0,"2":0,"3":0,"4":0,"5":0,"6":0,"7":0,"8":0,"9":0,"10":0,"11":0,"12":0,"15":0,"16":0,"29":0,"32":0,"34":0,"41":0,"42":0,"44":0,"45":0},"branchMap":{"0":{"type":"branch","line":1,"loc":{"start":{"line":1,"column":1397},"end":{"line":49,"column":17}},"locations":[{"start":{"line":1,"column":1397},"end":{"line":49,"column":17}}]}},"b":{"0":[0]},"fnMap":{"0":{"name":"(empty-report)","decl":{"start":{"line":1,"column":1397},"end":{"line":49,"column":17}},"loc":{"start":{"line":1,"column":1397},"end":{"line":49,"column":17}},"line":1}},"f":{"0":0}}
,"C:\\Users\\pierr\\Documents\\projects\\svelte-advanced\\src\\lib\\components\\ui\\badge\\index.ts": {"path":"C:\\Users\\pierr\\Documents\\projects\\svelte-advanced\\src\\lib\\components\\ui\\badge\\index.ts","all":true,"statementMap":{"0":{"start":{"line":1,"column":0},"end":{"line":1,"column":50}}},"s":{"0":0},"branchMap":{"0":{"type":"branch","line":1,"loc":{"start":{"line":1,"column":0},"end":{"line":2,"column":-1}},"locations":[{"start":{"line":1,"column":0},"end":{"line":2,"column":-1}}]}},"b":{"0":[0]},"fnMap":{"0":{"name":"(empty-report)","decl":{"start":{"line":1,"column":0},"end":{"line":2,"column":-1}},"loc":{"start":{"line":1,"column":0},"end":{"line":2,"column":-1}},"line":1}},"f":{"0":0}}
,"C:\\Users\\pierr\\Documents\\projects\\svelte-advanced\\src\\lib\\components\\ui\\breadcrumb\\breadcrumb-ellipsis.svelte": {"path":"C:\\Users\\pierr\\Documents\\projects\\svelte-advanced\\src\\lib\\components\\ui\\breadcrumb\\breadcrumb-ellipsis.svelte","all":true,"statementMap":{"0":{"start":{"line":1,"column":0},"end":{"line":1,"column":18}},"7":{"start":{"line":8,"column":0},"end":{"line":8,"column":24}},"9":{"start":{"line":10,"column":0},"end":{"line":10,"column":14}},"14":{"start":{"line":15,"column":0},"end":{"line":15,"column":16}},"17":{"start":{"line":18,"column":0},"end":{"line":18,"column":65}},"18":{"start":{"line":19,"column":0},"end":{"line":19,"column":15}}},"s":{"0":0,"7":0,"9":0,"14":0,"17":0,"18":0},"branchMap":{"0":{"type":"branch","line":1,"loc":{"start":{"line":1,"column":610},"end":{"line":23,"column":7}},"locations":[{"start":{"line":1,"column":610},"end":{"line":23,"column":7}}]}},"b":{"0":[0]},"fnMap":{"0":{"name":"(empty-report)","decl":{"start":{"line":1,"column":610},"end":{"line":23,"column":7}},"loc":{"start":{"line":1,"column":610},"end":{"line":23,"column":7}},"line":1}},"f":{"0":0}}
,"C:\\Users\\pierr\\Documents\\projects\\svelte-advanced\\src\\lib\\components\\ui\\breadcrumb\\breadcrumb-item.svelte": {"path":"C:\\Users\\pierr\\Documents\\projects\\svelte-advanced\\src\\lib\\components\\ui\\breadcrumb\\breadcrumb-item.svelte","all":true,"statementMap":{"0":{"start":{"line":1,"column":0},"end":{"line":1,"column":18}},"6":{"start":{"line":7,"column":0},"end":{"line":7,"column":24}},"9":{"start":{"line":10,"column":0},"end":{"line":10,"column":14}},"13":{"start":{"line":14,"column":0},"end":{"line":14,"column":93}}},"s":{"0":0,"6":0,"9":0,"13":0},"branchMap":{"0":{"type":"branch","line":1,"loc":{"start":{"line":1,"column":425},"end":{"line":16,"column":5}},"locations":[{"start":{"line":1,"column":425},"end":{"line":16,"column":5}}]}},"b":{"0":[0]},"fnMap":{"0":{"name":"(empty-report)","decl":{"start":{"line":1,"column":425},"end":{"line":16,"column":5}},"loc":{"start":{"line":1,"column":425},"end":{"line":16,"column":5}},"line":1}},"f":{"0":0}}
,"C:\\Users\\pierr\\Documents\\projects\\svelte-advanced\\src\\lib\\components\\ui\\breadcrumb\\breadcrumb-link.svelte": {"path":"C:\\Users\\pierr\\Documents\\projects\\svelte-advanced\\src\\lib\\components\\ui\\breadcrumb\\breadcrumb-link.svelte","all":true,"statementMap":{"0":{"start":{"line":1,"column":0},"end":{"line":1,"column":18}},"7":{"start":{"line":8,"column":0},"end":{"line":8,"column":24}},"9":{"start":{"line":10,"column":0},"end":{"line":10,"column":19}},"12":{"start":{"line":13,"column":0},"end":{"line":13,"column":14}},"17":{"start":{"line":18,"column":0},"end":{"line":18,"column":25}},"18":{"start":{"line":19,"column":0},"end":{"line":19,"column":66}},"19":{"start":{"line":20,"column":0},"end":{"line":20,"column":7}},"20":{"start":{"line":21,"column":0},"end":{"line":21,"column":15}},"25":{"start":{"line":26,"column":0},"end":{"line":26,"column":34}},"27":{"start":{"line":28,"column":0},"end":{"line":28,"column":31}}},"s":{"0":0,"7":0,"9":0,"12":0,"17":0,"18":0,"19":0,"20":0,"25":0,"27":0},"branchMap":{"0":{"type":"branch","line":1,"loc":{"start":{"line":1,"column":686},"end":{"line":31,"column":5}},"locations":[{"start":{"line":1,"column":686},"end":{"line":31,"column":5}}]}},"b":{"0":[0]},"fnMap":{"0":{"name":"(empty-report)","decl":{"start":{"line":1,"column":686},"end":{"line":31,"column":5}},"loc":{"start":{"line":1,"column":686},"end":{"line":31,"column":5}},"line":1}},"f":{"0":0}}
,"C:\\Users\\pierr\\Documents\\projects\\svelte-advanced\\src\\lib\\components\\ui\\breadcrumb\\breadcrumb-list.svelte": {"path":"C:\\Users\\pierr\\Documents\\projects\\svelte-advanced\\src\\lib\\components\\ui\\breadcrumb\\breadcrumb-list.svelte","all":true,"statementMap":{"0":{"start":{"line":1,"column":0},"end":{"line":1,"column":18}},"6":{"start":{"line":7,"column":0},"end":{"line":7,"column":24}},"9":{"start":{"line":10,"column":0},"end":{"line":10,"column":14}},"14":{"start":{"line":15,"column":0},"end":{"line":15,"column":16}},"15":{"start":{"line":16,"column":0},"end":{"line":16,"column":11}},"16":{"start":{"line":17,"column":0},"end":{"line":17,"column":93}},"19":{"start":{"line":20,"column":0},"end":{"line":20,"column":15}}},"s":{"0":0,"6":0,"9":0,"14":0,"15":0,"16":0,"19":0},"branchMap":{"0":{"type":"branch","line":1,"loc":{"start":{"line":1,"column":492},"end":{"line":23,"column":5}},"locations":[{"start":{"line":1,"column":492},"end":{"line":23,"column":5}}]}},"b":{"0":[0]},"fnMap":{"0":{"name":"(empty-report)","decl":{"start":{"line":1,"column":492},"end":{"line":23,"column":5}},"loc":{"start":{"line":1,"column":492},"end":{"line":23,"column":5}},"line":1}},"f":{"0":0}}
,"C:\\Users\\pierr\\Documents\\projects\\svelte-advanced\\src\\lib\\components\\ui\\breadcrumb\\breadcrumb-page.svelte": {"path":"C:\\Users\\pierr\\Documents\\projects\\svelte-advanced\\src\\lib\\components\\ui\\breadcrumb\\breadcrumb-page.svelte","all":true,"statementMap":{"0":{"start":{"line":1,"column":0},"end":{"line":1,"column":18}},"6":{"start":{"line":7,"column":0},"end":{"line":7,"column":24}},"9":{"start":{"line":10,"column":0},"end":{"line":10,"column":14}},"14":{"start":{"line":15,"column":0},"end":{"line":15,"column":16}},"18":{"start":{"line":19,"column":0},"end":{"line":19,"column":53}},"19":{"start":{"line":20,"column":0},"end":{"line":20,"column":15}}},"s":{"0":0,"6":0,"9":0,"14":0,"18":0,"19":0},"branchMap":{"0":{"type":"branch","line":1,"loc":{"start":{"line":1,"column":497},"end":{"line":23,"column":7}},"locations":[{"start":{"line":1,"column":497},"end":{"line":23,"column":7}}]}},"b":{"0":[0]},"fnMap":{"0":{"name":"(empty-report)","decl":{"start":{"line":1,"column":497},"end":{"line":23,"column":7}},"loc":{"start":{"line":1,"column":497},"end":{"line":23,"column":7}},"line":1}},"f":{"0":0}}
,"C:\\Users\\pierr\\Documents\\projects\\svelte-advanced\\src\\lib\\components\\ui\\breadcrumb\\breadcrumb-separator.svelte": {"path":"C:\\Users\\pierr\\Documents\\projects\\svelte-advanced\\src\\lib\\components\\ui\\breadcrumb\\breadcrumb-separator.svelte","all":true,"statementMap":{"0":{"start":{"line":1,"column":0},"end":{"line":1,"column":18}},"7":{"start":{"line":8,"column":0},"end":{"line":8,"column":24}},"10":{"start":{"line":11,"column":0},"end":{"line":11,"column":14}},"17":{"start":{"line":18,"column":0},"end":{"line":18,"column":42}},"18":{"start":{"line":19,"column":0},"end":{"line":19,"column":16}},"19":{"start":{"line":20,"column":0},"end":{"line":20,"column":15}}},"s":{"0":0,"7":0,"10":0,"17":0,"18":0,"19":0},"branchMap":{"0":{"type":"branch","line":1,"loc":{"start":{"line":1,"column":569},"end":{"line":27,"column":5}},"locations":[{"start":{"line":1,"column":569},"end":{"line":27,"column":5}}]}},"b":{"0":[0]},"fnMap":{"0":{"name":"(empty-report)","decl":{"start":{"line":1,"column":569},"end":{"line":27,"column":5}},"loc":{"start":{"line":1,"column":569},"end":{"line":27,"column":5}},"line":1}},"f":{"0":0}}
,"C:\\Users\\pierr\\Documents\\projects\\svelte-advanced\\src\\lib\\components\\ui\\breadcrumb\\breadcrumb.svelte": {"path":"C:\\Users\\pierr\\Documents\\projects\\svelte-advanced\\src\\lib\\components\\ui\\breadcrumb\\breadcrumb.svelte","all":true,"statementMap":{"0":{"start":{"line":1,"column":0},"end":{"line":1,"column":18}},"5":{"start":{"line":6,"column":0},"end":{"line":6,"column":20}},"8":{"start":{"line":9,"column":0},"end":{"line":9,"column":14}},"12":{"start":{"line":13,"column":0},"end":{"line":13,"column":78}}},"s":{"0":0,"5":0,"8":0,"12":0},"branchMap":{"0":{"type":"branch","line":1,"loc":{"start":{"line":1,"column":379},"end":{"line":15,"column":6}},"locations":[{"start":{"line":1,"column":379},"end":{"line":15,"column":6}}]}},"b":{"0":[0]},"fnMap":{"0":{"name":"(empty-report)","decl":{"start":{"line":1,"column":379},"end":{"line":15,"column":6}},"loc":{"start":{"line":1,"column":379},"end":{"line":15,"column":6}},"line":1}},"f":{"0":0}}
,"C:\\Users\\pierr\\Documents\\projects\\svelte-advanced\\src\\lib\\components\\ui\\breadcrumb\\index.ts": {"path":"C:\\Users\\pierr\\Documents\\projects\\svelte-advanced\\src\\lib\\components\\ui\\breadcrumb\\index.ts","all":true,"statementMap":{"0":{"start":{"line":1,"column":0},"end":{"line":1,"column":39}}},"s":{"0":0},"branchMap":{"0":{"type":"branch","line":1,"loc":{"start":{"line":1,"column":591},"end":{"line":25,"column":2}},"locations":[{"start":{"line":1,"column":591},"end":{"line":25,"column":2}}]}},"b":{"0":[0]},"fnMap":{"0":{"name":"(empty-report)","decl":{"start":{"line":1,"column":591},"end":{"line":25,"column":2}},"loc":{"start":{"line":1,"column":591},"end":{"line":25,"column":2}},"line":1}},"f":{"0":0}}
,"C:\\Users\\pierr\\Documents\\projects\\svelte-advanced\\src\\lib\\components\\ui\\button\\button.svelte": {"path":"C:\\Users\\pierr\\Documents\\projects\\svelte-advanced\\src\\lib\\components\\ui\\button\\button.svelte","all":true,"statementMap":{"0":{"start":{"line":1,"column":0},"end":{"line":1,"column":25}},"5":{"start":{"line":6,"column":0},"end":{"line":6,"column":35}},"6":{"start":{"line":7,"column":0},"end":{"line":7,"column":304}},"7":{"start":{"line":8,"column":0},"end":{"line":8,"column":13}},"8":{"start":{"line":9,"column":0},"end":{"line":9,"column":13}},"9":{"start":{"line":10,"column":0},"end":{"line":10,"column":77}},"10":{"start":{"line":11,"column":0},"end":{"line":11,"column":16}},"11":{"start":{"line":12,"column":0},"end":{"line":12,"column":84}},"12":{"start":{"line":13,"column":0},"end":{"line":13,"column":12}},"13":{"start":{"line":14,"column":0},"end":{"line":14,"column":96}},"14":{"start":{"line":15,"column":0},"end":{"line":15,"column":88}},"15":{"start":{"line":16,"column":0},"end":{"line":16,"column":58}},"16":{"start":{"line":17,"column":0},"end":{"line":17,"column":60}},"18":{"start":{"line":19,"column":0},"end":{"line":19,"column":10}},"19":{"start":{"line":20,"column":0},"end":{"line":20,"column":29}},"20":{"start":{"line":21,"column":0},"end":{"line":21,"column":38}},"21":{"start":{"line":22,"column":0},"end":{"line":22,"column":31}},"22":{"start":{"line":23,"column":0},"end":{"line":23,"column":20}},"25":{"start":{"line":26,"column":0},"end":{"line":26,"column":20}},"26":{"start":{"line":27,"column":0},"end":{"line":27,"column":22}},"27":{"start":{"line":28,"column":0},"end":{"line":28,"column":19}},"46":{"start":{"line":47,"column":0},"end":{"line":47,"column":22}},"47":{"start":{"line":48,"column":0},"end":{"line":48,"column":19}},"48":{"start":{"line":49,"column":0},"end":{"line":49,"column":24}},"49":{"start":{"line":50,"column":0},"end":{"line":50,"column":19}},"50":{"start":{"line":51,"column":0},"end":{"line":51,"column":18}},"52":{"start":{"line":53,"column":0},"end":{"line":53,"column":14}},"56":{"start":{"line":57,"column":0},"end":{"line":57,"column":10}},"58":{"start":{"line":59,"column":0},"end":{"line":59,"column":17}},"59":{"start":{"line":60,"column":0},"end":{"line":60,"column":58}},"61":{"start":{"line":62,"column":0},"end":{"line":62,"column":16}},"67":{"start":{"line":68,"column":0},"end":{"line":68,"column":17}},"68":{"start":{"line":69,"column":0},"end":{"line":69,"column":58}},"70":{"start":{"line":71,"column":0},"end":{"line":71,"column":16}}},"s":{"0":0,"5":0,"6":0,"7":0,"8":0,"9":0,"10":0,"11":0,"12":0,"13":0,"14":0,"15":0,"16":0,"18":0,"19":0,"20":0,"21":0,"22":0,"25":0,"26":0,"27":0,"46":0,"47":0,"48":0,"49":0,"50":0,"52":0,"56":0,"58":0,"59":0,"61":0,"67":0,"68":0,"70":0},"branchMap":{"0":{"type":"branch","line":1,"loc":{"start":{"line":1,"column":2209},"end":{"line":75,"column":5}},"locations":[{"start":{"line":1,"column":2209},"end":{"line":75,"column":5}}]}},"b":{"0":[0]},"fnMap":{"0":{"name":"(empty-report)","decl":{"start":{"line":1,"column":2209},"end":{"line":75,"column":5}},"loc":{"start":{"line":1,"column":2209},"end":{"line":75,"column":5}},"line":1}},"f":{"0":0}}
,"C:\\Users\\pierr\\Documents\\projects\\svelte-advanced\\src\\lib\\components\\ui\\button\\index.ts": {"path":"C:\\Users\\pierr\\Documents\\projects\\svelte-advanced\\src\\lib\\components\\ui\\button\\index.ts","all":true,"statementMap":{"0":{"start":{"line":1,"column":0},"end":{"line":1,"column":14}}},"s":{"0":0},"branchMap":{"0":{"type":"branch","line":1,"loc":{"start":{"line":1,"column":259},"end":{"line":17,"column":2}},"locations":[{"start":{"line":1,"column":259},"end":{"line":17,"column":2}}]}},"b":{"0":[0]},"fnMap":{"0":{"name":"(empty-report)","decl":{"start":{"line":1,"column":259},"end":{"line":17,"column":2}},"loc":{"start":{"line":1,"column":259},"end":{"line":17,"column":2}},"line":1}},"f":{"0":0}}
,"C:\\Users\\pierr\\Documents\\projects\\svelte-advanced\\src\\lib\\components\\ui\\calendar\\calendar-cell.svelte": {"path":"C:\\Users\\pierr\\Documents\\projects\\svelte-advanced\\src\\lib\\components\\ui\\calendar\\calendar-cell.svelte","all":true,"statementMap":{"0":{"start":{"line":1,"column":0},"end":{"line":1,"column":18}},"5":{"start":{"line":6,"column":0},"end":{"line":6,"column":24}},"7":{"start":{"line":8,"column":0},"end":{"line":8,"column":14}},"12":{"start":{"line":13,"column":0},"end":{"line":13,"column":11}},"13":{"start":{"line":14,"column":0},"end":{"line":14,"column":206}},"17":{"start":{"line":18,"column":0},"end":{"line":18,"column":15}}},"s":{"0":0,"5":0,"7":0,"12":0,"13":0,"17":0},"branchMap":{"0":{"type":"branch","line":1,"loc":{"start":{"line":1,"column":524},"end":{"line":19,"column":2}},"locations":[{"start":{"line":1,"column":524},"end":{"line":19,"column":2}}]}},"b":{"0":[0]},"fnMap":{"0":{"name":"(empty-report)","decl":{"start":{"line":1,"column":524},"end":{"line":19,"column":2}},"loc":{"start":{"line":1,"column":524},"end":{"line":19,"column":2}},"line":1}},"f":{"0":0}}
,"C:\\Users\\pierr\\Documents\\projects\\svelte-advanced\\src\\lib\\components\\ui\\calendar\\calendar-day.svelte": {"path":"C:\\Users\\pierr\\Documents\\projects\\svelte-advanced\\src\\lib\\components\\ui\\calendar\\calendar-day.svelte","all":true,"statementMap":{"0":{"start":{"line":1,"column":0},"end":{"line":1,"column":18}},"6":{"start":{"line":7,"column":0},"end":{"line":7,"column":24}},"8":{"start":{"line":9,"column":0},"end":{"line":9,"column":14}},"13":{"start":{"line":14,"column":0},"end":{"line":14,"column":11}},"14":{"start":{"line":15,"column":0},"end":{"line":15,"column":39}},"15":{"start":{"line":16,"column":0},"end":{"line":16,"column":27}},"17":{"start":{"line":18,"column":0},"end":{"line":18,"column":111}},"19":{"start":{"line":20,"column":0},"end":{"line":20,"column":257}},"21":{"start":{"line":22,"column":0},"end":{"line":22,"column":69}},"23":{"start":{"line":24,"column":0},"end":{"line":24,"column":83}},"25":{"start":{"line":26,"column":0},"end":{"line":26,"column":283}},"29":{"start":{"line":30,"column":0},"end":{"line":30,"column":15}}},"s":{"0":0,"6":0,"8":0,"13":0,"14":0,"15":0,"17":0,"19":0,"21":0,"23":0,"25":0,"29":0},"branchMap":{"0":{"type":"branch","line":1,"loc":{"start":{"line":1,"column":1337},"end":{"line":31,"column":2}},"locations":[{"start":{"line":1,"column":1337},"end":{"line":31,"column":2}}]}},"b":{"0":[0]},"fnMap":{"0":{"name":"(empty-report)","decl":{"start":{"line":1,"column":1337},"end":{"line":31,"column":2}},"loc":{"start":{"line":1,"column":1337},"end":{"line":31,"column":2}},"line":1}},"f":{"0":0}}
,"C:\\Users\\pierr\\Documents\\projects\\svelte-advanced\\src\\lib\\components\\ui\\calendar\\calendar-grid-body.svelte": {"path":"C:\\Users\\pierr\\Documents\\projects\\svelte-advanced\\src\\lib\\components\\ui\\calendar\\calendar-grid-body.svelte","all":true,"statementMap":{"0":{"start":{"line":1,"column":0},"end":{"line":1,"column":18}},"5":{"start":{"line":6,"column":0},"end":{"line":6,"column":24}},"7":{"start":{"line":8,"column":0},"end":{"line":8,"column":14}},"11":{"start":{"line":12,"column":0},"end":{"line":12,"column":76}}},"s":{"0":0,"5":0,"7":0,"11":0},"branchMap":{"0":{"type":"branch","line":1,"loc":{"start":{"line":1,"column":317},"end":{"line":12,"column":76}},"locations":[{"start":{"line":1,"column":317},"end":{"line":12,"column":76}}]}},"b":{"0":[0]},"fnMap":{"0":{"name":"(empty-report)","decl":{"start":{"line":1,"column":317},"end":{"line":12,"column":76}},"loc":{"start":{"line":1,"column":317},"end":{"line":12,"column":76}},"line":1}},"f":{"0":0}}
,"C:\\Users\\pierr\\Documents\\projects\\svelte-advanced\\src\\lib\\components\\ui\\calendar\\calendar-grid-head.svelte": {"path":"C:\\Users\\pierr\\Documents\\projects\\svelte-advanced\\src\\lib\\components\\ui\\calendar\\calendar-grid-head.svelte","all":true,"statementMap":{"0":{"start":{"line":1,"column":0},"end":{"line":1,"column":18}},"5":{"start":{"line":6,"column":0},"end":{"line":6,"column":24}},"7":{"start":{"line":8,"column":0},"end":{"line":8,"column":14}},"11":{"start":{"line":12,"column":0},"end":{"line":12,"column":76}}},"s":{"0":0,"5":0,"7":0,"11":0},"branchMap":{"0":{"type":"branch","line":1,"loc":{"start":{"line":1,"column":317},"end":{"line":12,"column":76}},"locations":[{"start":{"line":1,"column":317},"end":{"line":12,"column":76}}]}},"b":{"0":[0]},"fnMap":{"0":{"name":"(empty-report)","decl":{"start":{"line":1,"column":317},"end":{"line":12,"column":76}},"loc":{"start":{"line":1,"column":317},"end":{"line":12,"column":76}},"line":1}},"f":{"0":0}}
,"C:\\Users\\pierr\\Documents\\projects\\svelte-advanced\\src\\lib\\components\\ui\\calendar\\calendar-grid-row.svelte": {"path":"C:\\Users\\pierr\\Documents\\projects\\svelte-advanced\\src\\lib\\components\\ui\\calendar\\calendar-grid-row.svelte","all":true,"statementMap":{"0":{"start":{"line":1,"column":0},"end":{"line":1,"column":18}},"5":{"start":{"line":6,"column":0},"end":{"line":6,"column":24}},"7":{"start":{"line":8,"column":0},"end":{"line":8,"column":14}},"11":{"start":{"line":12,"column":0},"end":{"line":12,"column":83}}},"s":{"0":0,"5":0,"7":0,"11":0},"branchMap":{"0":{"type":"branch","line":1,"loc":{"start":{"line":1,"column":323},"end":{"line":12,"column":83}},"locations":[{"start":{"line":1,"column":323},"end":{"line":12,"column":83}}]}},"b":{"0":[0]},"fnMap":{"0":{"name":"(empty-report)","decl":{"start":{"line":1,"column":323},"end":{"line":12,"column":83}},"loc":{"start":{"line":1,"column":323},"end":{"line":12,"column":83}},"line":1}},"f":{"0":0}}
,"C:\\Users\\pierr\\Documents\\projects\\svelte-advanced\\src\\lib\\components\\ui\\calendar\\calendar-grid.svelte": {"path":"C:\\Users\\pierr\\Documents\\projects\\svelte-advanced\\src\\lib\\components\\ui\\calendar\\calendar-grid.svelte","all":true,"statementMap":{"0":{"start":{"line":1,"column":0},"end":{"line":1,"column":18}},"5":{"start":{"line":6,"column":0},"end":{"line":6,"column":24}},"7":{"start":{"line":8,"column":0},"end":{"line":8,"column":14}},"13":{"start":{"line":14,"column":0},"end":{"line":14,"column":58}},"14":{"start":{"line":15,"column":0},"end":{"line":15,"column":15}}},"s":{"0":0,"5":0,"7":0,"13":0,"14":0},"branchMap":{"0":{"type":"branch","line":1,"loc":{"start":{"line":1,"column":348},"end":{"line":16,"column":2}},"locations":[{"start":{"line":1,"column":348},"end":{"line":16,"column":2}}]}},"b":{"0":[0]},"fnMap":{"0":{"name":"(empty-report)","decl":{"start":{"line":1,"column":348},"end":{"line":16,"column":2}},"loc":{"start":{"line":1,"column":348},"end":{"line":16,"column":2}},"line":1}},"f":{"0":0}}
,"C:\\Users\\pierr\\Documents\\projects\\svelte-advanced\\src\\lib\\components\\ui\\calendar\\calendar-head-cell.svelte": {"path":"C:\\Users\\pierr\\Documents\\projects\\svelte-advanced\\src\\lib\\components\\ui\\calendar\\calendar-head-cell.svelte","all":true,"statementMap":{"0":{"start":{"line":1,"column":0},"end":{"line":1,"column":18}},"5":{"start":{"line":6,"column":0},"end":{"line":6,"column":24}},"7":{"start":{"line":8,"column":0},"end":{"line":8,"column":14}},"13":{"start":{"line":14,"column":0},"end":{"line":14,"column":88}},"14":{"start":{"line":15,"column":0},"end":{"line":15,"column":15}}},"s":{"0":0,"5":0,"7":0,"13":0,"14":0},"branchMap":{"0":{"type":"branch","line":1,"loc":{"start":{"line":1,"column":386},"end":{"line":16,"column":2}},"locations":[{"start":{"line":1,"column":386},"end":{"line":16,"column":2}}]}},"b":{"0":[0]},"fnMap":{"0":{"name":"(empty-report)","decl":{"start":{"line":1,"column":386},"end":{"line":16,"column":2}},"loc":{"start":{"line":1,"column":386},"end":{"line":16,"column":2}},"line":1}},"f":{"0":0}}
,"C:\\Users\\pierr\\Documents\\projects\\svelte-advanced\\src\\lib\\components\\ui\\calendar\\calendar-header.svelte": {"path":"C:\\Users\\pierr\\Documents\\projects\\svelte-advanced\\src\\lib\\components\\ui\\calendar\\calendar-header.svelte","all":true,"statementMap":{"0":{"start":{"line":1,"column":0},"end":{"line":1,"column":18}},"5":{"start":{"line":6,"column":0},"end":{"line":6,"column":24}},"7":{"start":{"line":8,"column":0},"end":{"line":8,"column":14}},"13":{"start":{"line":14,"column":0},"end":{"line":14,"column":80}},"14":{"start":{"line":15,"column":0},"end":{"line":15,"column":15}}},"s":{"0":0,"5":0,"7":0,"13":0,"14":0},"branchMap":{"0":{"type":"branch","line":1,"loc":{"start":{"line":1,"column":374},"end":{"line":16,"column":2}},"locations":[{"start":{"line":1,"column":374},"end":{"line":16,"column":2}}]}},"b":{"0":[0]},"fnMap":{"0":{"name":"(empty-report)","decl":{"start":{"line":1,"column":374},"end":{"line":16,"column":2}},"loc":{"start":{"line":1,"column":374},"end":{"line":16,"column":2}},"line":1}},"f":{"0":0}}
,"C:\\Users\\pierr\\Documents\\projects\\svelte-advanced\\src\\lib\\components\\ui\\calendar\\calendar-heading.svelte": {"path":"C:\\Users\\pierr\\Documents\\projects\\svelte-advanced\\src\\lib\\components\\ui\\calendar\\calendar-heading.svelte","all":true,"statementMap":{"0":{"start":{"line":1,"column":0},"end":{"line":1,"column":18}},"5":{"start":{"line":6,"column":0},"end":{"line":6,"column":24}},"7":{"start":{"line":8,"column":0},"end":{"line":8,"column":14}},"11":{"start":{"line":12,"column":0},"end":{"line":12,"column":98}}},"s":{"0":0,"5":0,"7":0,"11":0},"branchMap":{"0":{"type":"branch","line":1,"loc":{"start":{"line":1,"column":338},"end":{"line":12,"column":98}},"locations":[{"start":{"line":1,"column":338},"end":{"line":12,"column":98}}]}},"b":{"0":[0]},"fnMap":{"0":{"name":"(empty-report)","decl":{"start":{"line":1,"column":338},"end":{"line":12,"column":98}},"loc":{"start":{"line":1,"column":338},"end":{"line":12,"column":98}},"line":1}},"f":{"0":0}}
,"C:\\Users\\pierr\\Documents\\projects\\svelte-advanced\\src\\lib\\components\\ui\\calendar\\calendar-months.svelte": {"path":"C:\\Users\\pierr\\Documents\\projects\\svelte-advanced\\src\\lib\\components\\ui\\calendar\\calendar-months.svelte","all":true,"statementMap":{"0":{"start":{"line":1,"column":0},"end":{"line":1,"column":18}},"6":{"start":{"line":7,"column":0},"end":{"line":7,"column":24}},"9":{"start":{"line":10,"column":0},"end":{"line":10,"column":14}},"14":{"start":{"line":15,"column":0},"end":{"line":15,"column":16}},"15":{"start":{"line":16,"column":0},"end":{"line":16,"column":92}},"16":{"start":{"line":17,"column":0},"end":{"line":17,"column":15}}},"s":{"0":0,"6":0,"9":0,"14":0,"15":0,"16":0},"branchMap":{"0":{"type":"branch","line":1,"loc":{"start":{"line":1,"column":477},"end":{"line":20,"column":6}},"locations":[{"start":{"line":1,"column":477},"end":{"line":20,"column":6}}]}},"b":{"0":[0]},"fnMap":{"0":{"name":"(empty-report)","decl":{"start":{"line":1,"column":477},"end":{"line":20,"column":6}},"loc":{"start":{"line":1,"column":477},"end":{"line":20,"column":6}},"line":1}},"f":{"0":0}}
,"C:\\Users\\pierr\\Documents\\projects\\svelte-advanced\\src\\lib\\components\\ui\\calendar\\calendar-next-button.svelte": {"path":"C:\\Users\\pierr\\Documents\\projects\\svelte-advanced\\src\\lib\\components\\ui\\calendar\\calendar-next-button.svelte","all":true,"statementMap":{"0":{"start":{"line":1,"column":0},"end":{"line":1,"column":18}},"7":{"start":{"line":8,"column":0},"end":{"line":8,"column":24}},"10":{"start":{"line":11,"column":0},"end":{"line":11,"column":14}},"20":{"start":{"line":21,"column":0},"end":{"line":21,"column":11}},"21":{"start":{"line":22,"column":0},"end":{"line":22,"column":41}},"22":{"start":{"line":23,"column":0},"end":{"line":23,"column":59}},"25":{"start":{"line":26,"column":0},"end":{"line":26,"column":15}},"26":{"start":{"line":27,"column":0},"end":{"line":27,"column":32}}},"s":{"0":0,"7":0,"10":0,"20":0,"21":0,"22":0,"25":0,"26":0},"branchMap":{"0":{"type":"branch","line":1,"loc":{"start":{"line":1,"column":661},"end":{"line":28,"column":2}},"locations":[{"start":{"line":1,"column":661},"end":{"line":28,"column":2}}]}},"b":{"0":[0]},"fnMap":{"0":{"name":"(empty-report)","decl":{"start":{"line":1,"column":661},"end":{"line":28,"column":2}},"loc":{"start":{"line":1,"column":661},"end":{"line":28,"column":2}},"line":1}},"f":{"0":0}}
,"C:\\Users\\pierr\\Documents\\projects\\svelte-advanced\\src\\lib\\components\\ui\\calendar\\calendar-prev-button.svelte": {"path":"C:\\Users\\pierr\\Documents\\projects\\svelte-advanced\\src\\lib\\components\\ui\\calendar\\calendar-prev-button.svelte","all":true,"statementMap":{"0":{"start":{"line":1,"column":0},"end":{"line":1,"column":18}},"7":{"start":{"line":8,"column":0},"end":{"line":8,"column":24}},"10":{"start":{"line":11,"column":0},"end":{"line":11,"column":14}},"20":{"start":{"line":21,"column":0},"end":{"line":21,"column":11}},"21":{"start":{"line":22,"column":0},"end":{"line":22,"column":41}},"22":{"start":{"line":23,"column":0},"end":{"line":23,"column":59}},"25":{"start":{"line":26,"column":0},"end":{"line":26,"column":15}},"26":{"start":{"line":27,"column":0},"end":{"line":27,"column":32}}},"s":{"0":0,"7":0,"10":0,"20":0,"21":0,"22":0,"25":0,"26":0},"branchMap":{"0":{"type":"branch","line":1,"loc":{"start":{"line":1,"column":658},"end":{"line":28,"column":2}},"locations":[{"start":{"line":1,"column":658},"end":{"line":28,"column":2}}]}},"b":{"0":[0]},"fnMap":{"0":{"name":"(empty-report)","decl":{"start":{"line":1,"column":658},"end":{"line":28,"column":2}},"loc":{"start":{"line":1,"column":658},"end":{"line":28,"column":2}},"line":1}},"f":{"0":0}}
,"C:\\Users\\pierr\\Documents\\projects\\svelte-advanced\\src\\lib\\components\\ui\\calendar\\calendar.svelte": {"path":"C:\\Users\\pierr\\Documents\\projects\\svelte-advanced\\src\\lib\\components\\ui\\calendar\\calendar.svelte","all":true,"statementMap":{"0":{"start":{"line":1,"column":0},"end":{"line":1,"column":18}},"6":{"start":{"line":7,"column":0},"end":{"line":7,"column":24}},"7":{"start":{"line":8,"column":0},"end":{"line":8,"column":22}},"8":{"start":{"line":9,"column":0},"end":{"line":9,"column":28}},"10":{"start":{"line":11,"column":0},"end":{"line":11,"column":26}},"11":{"start":{"line":12,"column":0},"end":{"line":12,"column":14}},"20":{"start":{"line":21,"column":0},"end":{"line":21,"column":28}},"24":{"start":{"line":25,"column":0},"end":{"line":25,"column":29}},"25":{"start":{"line":26,"column":0},"end":{"line":26,"column":15}},"27":{"start":{"line":28,"column":0},"end":{"line":28,"column":42}},"34":{"start":{"line":35,"column":0},"end":{"line":35,"column":26}},"38":{"start":{"line":39,"column":0},"end":{"line":39,"column":34}},"40":{"start":{"line":41,"column":0},"end":{"line":41,"column":30}},"46":{"start":{"line":47,"column":0},"end":{"line":47,"column":38}},"48":{"start":{"line":49,"column":0},"end":{"line":49,"column":33}},"49":{"start":{"line":50,"column":0},"end":{"line":50,"column":51}}},"s":{"0":0,"6":0,"7":0,"8":0,"10":0,"11":0,"20":0,"24":0,"25":0,"27":0,"34":0,"38":0,"40":0,"46":0,"48":0,"49":0},"branchMap":{"0":{"type":"branch","line":1,"loc":{"start":{"line":1,"column":0},"end":{"line":61,"column":-1338}},"locations":[{"start":{"line":1,"column":0},"end":{"line":61,"column":-1338}}]}},"b":{"0":[0]},"fnMap":{"0":{"name":"(empty-report)","decl":{"start":{"line":1,"column":0},"end":{"line":61,"column":-1338}},"loc":{"start":{"line":1,"column":0},"end":{"line":61,"column":-1338}},"line":1}},"f":{"0":0}}
,"C:\\Users\\pierr\\Documents\\projects\\svelte-advanced\\src\\lib\\components\\ui\\calendar\\index.ts": {"path":"C:\\Users\\pierr\\Documents\\projects\\svelte-advanced\\src\\lib\\components\\ui\\calendar\\index.ts","all":true,"statementMap":{"0":{"start":{"line":1,"column":0},"end":{"line":1,"column":37}}},"s":{"0":0},"branchMap":{"0":{"type":"branch","line":1,"loc":{"start":{"line":1,"column":778},"end":{"line":30,"column":2}},"locations":[{"start":{"line":1,"column":778},"end":{"line":30,"column":2}}]}},"b":{"0":[0]},"fnMap":{"0":{"name":"(empty-report)","decl":{"start":{"line":1,"column":778},"end":{"line":30,"column":2}},"loc":{"start":{"line":1,"column":778},"end":{"line":30,"column":2}},"line":1}},"f":{"0":0}}
,"C:\\Users\\pierr\\Documents\\projects\\svelte-advanced\\src\\lib\\components\\ui\\card\\card-content.svelte": {"path":"C:\\Users\\pierr\\Documents\\projects\\svelte-advanced\\src\\lib\\components\\ui\\card\\card-content.svelte","all":true,"statementMap":{"0":{"start":{"line":1,"column":0},"end":{"line":1,"column":18}},"6":{"start":{"line":7,"column":0},"end":{"line":7,"column":24}},"9":{"start":{"line":10,"column":0},"end":{"line":10,"column":14}},"13":{"start":{"line":14,"column":0},"end":{"line":14,"column":65}}},"s":{"0":0,"6":0,"9":0,"13":0},"branchMap":{"0":{"type":"branch","line":1,"loc":{"start":{"line":1,"column":410},"end":{"line":16,"column":6}},"locations":[{"start":{"line":1,"column":410},"end":{"line":16,"column":6}}]}},"b":{"0":[0]},"fnMap":{"0":{"name":"(empty-report)","decl":{"start":{"line":1,"column":410},"end":{"line":16,"column":6}},"loc":{"start":{"line":1,"column":410},"end":{"line":16,"column":6}},"line":1}},"f":{"0":0}}
,"C:\\Users\\pierr\\Documents\\projects\\svelte-advanced\\src\\lib\\components\\ui\\card\\card-description.svelte": {"path":"C:\\Users\\pierr\\Documents\\projects\\svelte-advanced\\src\\lib\\components\\ui\\card\\card-description.svelte","all":true,"statementMap":{"0":{"start":{"line":1,"column":0},"end":{"line":1,"column":18}},"6":{"start":{"line":7,"column":0},"end":{"line":7,"column":24}},"9":{"start":{"line":10,"column":0},"end":{"line":10,"column":14}},"13":{"start":{"line":14,"column":0},"end":{"line":14,"column":89}}},"s":{"0":0,"6":0,"9":0,"13":0},"branchMap":{"0":{"type":"branch","line":1,"loc":{"start":{"line":1,"column":438},"end":{"line":16,"column":4}},"locations":[{"start":{"line":1,"column":438},"end":{"line":16,"column":4}}]}},"b":{"0":[0]},"fnMap":{"0":{"name":"(empty-report)","decl":{"start":{"line":1,"column":438},"end":{"line":16,"column":4}},"loc":{"start":{"line":1,"column":438},"end":{"line":16,"column":4}},"line":1}},"f":{"0":0}}
,"C:\\Users\\pierr\\Documents\\projects\\svelte-advanced\\src\\lib\\components\\ui\\card\\card-footer.svelte": {"path":"C:\\Users\\pierr\\Documents\\projects\\svelte-advanced\\src\\lib\\components\\ui\\card\\card-footer.svelte","all":true,"statementMap":{"0":{"start":{"line":1,"column":0},"end":{"line":1,"column":18}},"6":{"start":{"line":7,"column":0},"end":{"line":7,"column":24}},"9":{"start":{"line":10,"column":0},"end":{"line":10,"column":14}},"13":{"start":{"line":14,"column":0},"end":{"line":14,"column":88}}},"s":{"0":0,"6":0,"9":0,"13":0},"branchMap":{"0":{"type":"branch","line":1,"loc":{"start":{"line":1,"column":433},"end":{"line":16,"column":6}},"locations":[{"start":{"line":1,"column":433},"end":{"line":16,"column":6}}]}},"b":{"0":[0]},"fnMap":{"0":{"name":"(empty-report)","decl":{"start":{"line":1,"column":433},"end":{"line":16,"column":6}},"loc":{"start":{"line":1,"column":433},"end":{"line":16,"column":6}},"line":1}},"f":{"0":0}}
,"C:\\Users\\pierr\\Documents\\projects\\svelte-advanced\\src\\lib\\components\\ui\\card\\card-header.svelte": {"path":"C:\\Users\\pierr\\Documents\\projects\\svelte-advanced\\src\\lib\\components\\ui\\card\\card-header.svelte","all":true,"statementMap":{"0":{"start":{"line":1,"column":0},"end":{"line":1,"column":18}},"6":{"start":{"line":7,"column":0},"end":{"line":7,"column":24}},"9":{"start":{"line":10,"column":0},"end":{"line":10,"column":14}},"13":{"start":{"line":14,"column":0},"end":{"line":14,"column":96}}},"s":{"0":0,"6":0,"9":0,"13":0},"branchMap":{"0":{"type":"branch","line":1,"loc":{"start":{"line":1,"column":441},"end":{"line":16,"column":6}},"locations":[{"start":{"line":1,"column":441},"end":{"line":16,"column":6}}]}},"b":{"0":[0]},"fnMap":{"0":{"name":"(empty-report)","decl":{"start":{"line":1,"column":441},"end":{"line":16,"column":6}},"loc":{"start":{"line":1,"column":441},"end":{"line":16,"column":6}},"line":1}},"f":{"0":0}}
,"C:\\Users\\pierr\\Documents\\projects\\svelte-advanced\\src\\lib\\components\\ui\\card\\card-title.svelte": {"path":"C:\\Users\\pierr\\Documents\\projects\\svelte-advanced\\src\\lib\\components\\ui\\card\\card-title.svelte","all":true,"statementMap":{"0":{"start":{"line":1,"column":0},"end":{"line":1,"column":18}},"6":{"start":{"line":7,"column":0},"end":{"line":7,"column":24}},"8":{"start":{"line":9,"column":0},"end":{"line":9,"column":12}},"10":{"start":{"line":11,"column":0},"end":{"line":11,"column":14}},"18":{"start":{"line":19,"column":0},"end":{"line":19,"column":19}},"19":{"start":{"line":20,"column":0},"end":{"line":20,"column":16}},"20":{"start":{"line":21,"column":0},"end":{"line":21,"column":67}},"21":{"start":{"line":22,"column":0},"end":{"line":22,"column":15}}},"s":{"0":0,"6":0,"8":0,"10":0,"18":0,"19":0,"20":0,"21":0},"branchMap":{"0":{"type":"branch","line":1,"loc":{"start":{"line":1,"column":541},"end":{"line":25,"column":6}},"locations":[{"start":{"line":1,"column":541},"end":{"line":25,"column":6}}]}},"b":{"0":[0]},"fnMap":{"0":{"name":"(empty-report)","decl":{"start":{"line":1,"column":541},"end":{"line":25,"column":6}},"loc":{"start":{"line":1,"column":541},"end":{"line":25,"column":6}},"line":1}},"f":{"0":0}}
[...]
,"C:\\Users\\pierr\\Documents\\projects\\svelte-advanced\\src\\routes\\super-form\\+page.svelte": {"path":"C:\\Users\\pierr\\Documents\\projects\\svelte-advanced\\src\\routes\\super-form\\+page.svelte","all":true,"statementMap":{"0":{"start":{"line":1,"column":0},"end":{"line":1,"column":18}},"6":{"start":{"line":7,"column":0},"end":{"line":7,"column":69}},"8":{"start":{"line":9,"column":0},"end":{"line":9,"column":13}},"9":{"start":{"line":10,"column":0},"end":{"line":10,"column":16}},"10":{"start":{"line":11,"column":0},"end":{"line":11,"column":16}},"11":{"start":{"line":12,"column":0},"end":{"line":12,"column":19}},"14":{"start":{"line":15,"column":0},"end":{"line":15,"column":32}},"15":{"start":{"line":16,"column":0},"end":{"line":16,"column":30}},"31":{"start":{"line":32,"column":0},"end":{"line":32,"column":95}},"33":{"start":{"line":34,"column":0},"end":{"line":34,"column":20}},"34":{"start":{"line":35,"column":0},"end":{"line":35,"column":24}},"42":{"start":{"line":43,"column":0},"end":{"line":43,"column":29}},"43":{"start":{"line":44,"column":0},"end":{"line":44,"column":28}},"45":{"start":{"line":46,"column":0},"end":{"line":46,"column":23}},"46":{"start":{"line":47,"column":0},"end":{"line":47,"column":27}},"54":{"start":{"line":55,"column":0},"end":{"line":55,"column":29}},"55":{"start":{"line":56,"column":0},"end":{"line":56,"column":28}},"57":{"start":{"line":58,"column":0},"end":{"line":58,"column":23}},"58":{"start":{"line":59,"column":0},"end":{"line":59,"column":27}},"66":{"start":{"line":67,"column":0},"end":{"line":67,"column":33}},"67":{"start":{"line":68,"column":0},"end":{"line":68,"column":32}},"69":{"start":{"line":70,"column":0},"end":{"line":70,"column":27}},"70":{"start":{"line":71,"column":0},"end":{"line":71,"column":31}}},"s":{"0":0,"6":0,"8":0,"9":0,"10":0,"11":0,"14":0,"15":0,"31":0,"33":0,"34":0,"42":0,"43":0,"45":0,"46":0,"54":0,"55":0,"57":0,"58":0,"66":0,"67":0,"69":0,"70":0},"branchMap":{"0":{"type":"branch","line":1,"loc":{"start":{"line":1,"column":1886},"end":{"line":75,"column":7}},"locations":[{"start":{"line":1,"column":1886},"end":{"line":75,"column":7}}]}},"b":{"0":[0]},"fnMap":{"0":{"name":"(empty-report)","decl":{"start":{"line":1,"column":1886},"end":{"line":75,"column":7}},"loc":{"start":{"line":1,"column":1886},"end":{"line":75,"column":7}},"line":1}},"f":{"0":0}}
,"C:\\Users\\pierr\\Documents\\projects\\svelte-advanced\\src\\routes\\swapi\\+page.svelte": {"path":"C:\\Users\\pierr\\Documents\\projects\\svelte-advanced\\src\\routes\\swapi\\+page.svelte","all":true,"statementMap":{"0":{"start":{"line":1,"column":0},"end":{"line":1,"column":18}},"6":{"start":{"line":7,"column":0},"end":{"line":7,"column":62}},"8":{"start":{"line":9,"column":0},"end":{"line":9,"column":71}},"10":{"start":{"line":11,"column":0},"end":{"line":11,"column":36}},"17":{"start":{"line":18,"column":0},"end":{"line":18,"column":35}},"21":{"start":{"line":22,"column":0},"end":{"line":22,"column":12}},"22":{"start":{"line":23,"column":0},"end":{"line":23,"column":16}},"25":{"start":{"line":26,"column":0},"end":{"line":26,"column":14}},"28":{"start":{"line":29,"column":0},"end":{"line":29,"column":11}},"29":{"start":{"line":30,"column":0},"end":{"line":30,"column":33}},"31":{"start":{"line":32,"column":0},"end":{"line":32,"column":25}},"32":{"start":{"line":33,"column":0},"end":{"line":33,"column":51}},"33":{"start":{"line":34,"column":0},"end":{"line":34,"column":49}},"34":{"start":{"line":35,"column":0},"end":{"line":35,"column":37}},"35":{"start":{"line":36,"column":0},"end":{"line":36,"column":35}},"36":{"start":{"line":37,"column":0},"end":{"line":37,"column":35}},"37":{"start":{"line":38,"column":0},"end":{"line":38,"column":35}},"38":{"start":{"line":39,"column":0},"end":{"line":39,"column":47}},"39":{"start":{"line":40,"column":0},"end":{"line":40,"column":41}},"40":{"start":{"line":41,"column":0},"end":{"line":41,"column":39}},"41":{"start":{"line":42,"column":0},"end":{"line":42,"column":31}},"42":{"start":{"line":43,"column":0},"end":{"line":43,"column":35}},"43":{"start":{"line":44,"column":0},"end":{"line":44,"column":33}},"44":{"start":{"line":45,"column":0},"end":{"line":45,"column":27}},"51":{"start":{"line":52,"column":0},"end":{"line":52,"column":45}},"57":{"start":{"line":58,"column":0},"end":{"line":58,"column":49}}},"s":{"0":0,"6":0,"8":0,"10":0,"17":0,"21":0,"22":0,"25":0,"28":0,"29":0,"31":0,"32":0,"33":0,"34":0,"35":0,"36":0,"37":0,"38":0,"39":0,"40":0,"41":0,"42":0,"43":0,"44":0,"51":0,"57":0},"branchMap":{"0":{"type":"branch","line":1,"loc":{"start":{"line":1,"column":1453},"end":{"line":60,"column":1}},"locations":[{"start":{"line":1,"column":1453},"end":{"line":60,"column":1}}]}},"b":{"0":[0]},"fnMap":{"0":{"name":"(empty-report)","decl":{"start":{"line":1,"column":1453},"end":{"line":60,"column":1}},"loc":{"start":{"line":1,"column":1453},"end":{"line":60,"column":1}},"line":1}},"f":{"0":0}}
,"C:\\Users\\pierr\\Documents\\projects\\svelte-advanced\\src\\schemas\\movies.schema.ts": {"path":"C:\\Users\\pierr\\Documents\\projects\\svelte-advanced\\src\\schemas\\movies.schema.ts","all":true,"statementMap":{"0":{"start":{"line":1,"column":0},"end":{"line":1,"column":24}},"2":{"start":{"line":3,"column":0},"end":{"line":3,"column":37}},"3":{"start":{"line":4,"column":0},"end":{"line":4,"column":40}},"4":{"start":{"line":5,"column":0},"end":{"line":5,"column":22}},"5":{"start":{"line":6,"column":0},"end":{"line":6,"column":22}},"6":{"start":{"line":7,"column":0},"end":{"line":7,"column":54}},"7":{"start":{"line":8,"column":0},"end":{"line":8,"column":3}},"9":{"start":{"line":10,"column":0},"end":{"line":10,"column":38}},"10":{"start":{"line":11,"column":0},"end":{"line":11,"column":42}},"11":{"start":{"line":12,"column":0},"end":{"line":12,"column":22}},"12":{"start":{"line":13,"column":0},"end":{"line":13,"column":22}},"13":{"start":{"line":14,"column":0},"end":{"line":14,"column":54}},"14":{"start":{"line":15,"column":0},"end":{"line":15,"column":3}}},"s":{"0":0,"2":0,"3":0,"4":0,"5":0,"6":0,"7":0,"9":0,"10":0,"11":0,"12":0,"13":0,"14":0},"branchMap":{"0":{"type":"branch","line":1,"loc":{"start":{"line":1,"column":0},"end":{"line":19,"column":-237}},"locations":[{"start":{"line":1,"column":0},"end":{"line":19,"column":-237}}]}},"b":{"0":[0]},"fnMap":{"0":{"name":"(empty-report)","decl":{"start":{"line":1,"column":0},"end":{"line":19,"column":-237}},"loc":{"start":{"line":1,"column":0},"end":{"line":19,"column":-237}},"line":1}},"f":{"0":0}}
,"C:\\Users\\pierr\\Documents\\projects\\svelte-advanced\\src\\services\\movies.service.ts": {"path":"C:\\Users\\pierr\\Documents\\projects\\svelte-advanced\\src\\services\\movies.service.ts","all":false,"statementMap":{"0":{"start":{"line":1,"column":0},"end":{"line":1,"column":42}},"3":{"start":{"line":4,"column":0},"end":{"line":4,"column":38}},"4":{"start":{"line":5,"column":0},"end":{"line":5,"column":50}},"5":{"start":{"line":6,"column":0},"end":{"line":6,"column":22}},"6":{"start":{"line":7,"column":0},"end":{"line":7,"column":2}},"8":{"start":{"line":9,"column":0},"end":{"line":9,"column":47}},"9":{"start":{"line":10,"column":0},"end":{"line":10,"column":56}},"10":{"start":{"line":11,"column":0},"end":{"line":11,"column":22}},"11":{"start":{"line":12,"column":0},"end":{"line":12,"column":2}},"13":{"start":{"line":14,"column":0},"end":{"line":14,"column":65}},"14":{"start":{"line":15,"column":0},"end":{"line":15,"column":58}},"15":{"start":{"line":16,"column":0},"end":{"line":16,"column":22}},"16":{"start":{"line":17,"column":0},"end":{"line":17,"column":2}},"18":{"start":{"line":19,"column":0},"end":{"line":19,"column":64}},"19":{"start":{"line":20,"column":0},"end":{"line":20,"column":63}},"20":{"start":{"line":21,"column":0},"end":{"line":21,"column":22}},"21":{"start":{"line":22,"column":0},"end":{"line":22,"column":2}},"23":{"start":{"line":24,"column":0},"end":{"line":24,"column":50}},"24":{"start":{"line":25,"column":0},"end":{"line":25,"column":59}},"25":{"start":{"line":26,"column":0},"end":{"line":26,"column":22}},"26":{"start":{"line":27,"column":0},"end":{"line":27,"column":2}}},"s":{"0":1,"3":1,"4":2,"5":1,"6":1,"8":1,"9":0,"10":0,"11":0,"13":1,"14":0,"15":0,"16":0,"18":1,"19":0,"20":0,"21":0,"23":1,"24":0,"25":0,"26":0},"branchMap":{"0":{"type":"branch","line":4,"loc":{"start":{"line":4,"column":25},"end":{"line":7,"column":2}},"locations":[{"start":{"line":4,"column":25},"end":{"line":7,"column":2}}]},"1":{"type":"branch","line":5,"loc":{"start":{"line":5,"column":48},"end":{"line":7,"column":2}},"locations":[{"start":{"line":5,"column":48},"end":{"line":7,"column":2}}]}},"b":{"0":[2],"1":[1]},"fnMap":{"0":{"name":"getMovies","decl":{"start":{"line":4,"column":25},"end":{"line":7,"column":2}},"loc":{"start":{"line":4,"column":25},"end":{"line":7,"column":2}},"line":4},"1":{"name":"getMovie","decl":{"start":{"line":9,"column":24},"end":{"line":12,"column":2}},"loc":{"start":{"line":9,"column":24},"end":{"line":12,"column":2}},"line":9},"2":{"name":"createMovie","decl":{"start":{"line":14,"column":27},"end":{"line":17,"column":2}},"loc":{"start":{"line":14,"column":27},"end":{"line":17,"column":2}},"line":14},"3":{"name":"updateMovie","decl":{"start":{"line":19,"column":27},"end":{"line":22,"column":2}},"loc":{"start":{"line":19,"column":27},"end":{"line":22,"column":2}},"line":19},"4":{"name":"deleteMovie","decl":{"start":{"line":24,"column":27},"end":{"line":27,"column":2}},"loc":{"start":{"line":24,"column":27},"end":{"line":27,"column":2}},"line":24}},"f":{"0":2,"1":0,"2":0,"3":0,"4":0}}
,"C:\\Users\\pierr\\Documents\\projects\\svelte-advanced\\src\\store\\notif.ts": {"path":"C:\\Users\\pierr\\Documents\\projects\\svelte-advanced\\src\\store\\notif.ts","all":true,"statementMap":{"0":{"start":{"line":1,"column":0},"end":{"line":1,"column":40}},"2":{"start":{"line":3,"column":0},"end":{"line":3,"column":31}}},"s":{"0":0,"2":0},"branchMap":{"0":{"type":"branch","line":1,"loc":{"start":{"line":1,"column":0},"end":{"line":3,"column":-4}},"locations":[{"start":{"line":1,"column":0},"end":{"line":3,"column":-4}}]}},"b":{"0":[0]},"fnMap":{"0":{"name":"(empty-report)","decl":{"start":{"line":1,"column":0},"end":{"line":3,"column":-4}},"loc":{"start":{"line":1,"column":0},"end":{"line":3,"column":-4}},"line":1}},"f":{"0":0}}
,"C:\\Users\\pierr\\Documents\\projects\\svelte-advanced\\src\\stories\\Button.stories.svelte": {"path":"C:\\Users\\pierr\\Documents\\projects\\svelte-advanced\\src\\stories\\Button.stories.svelte","all":true,"statementMap":{"0":{"start":{"line":1,"column":0},"end":{"line":1,"column":15}},"6":{"start":{"line":7,"column":0},"end":{"line":7,"column":32}},"7":{"start":{"line":8,"column":0},"end":{"line":8,"column":28}},"8":{"start":{"line":9,"column":0},"end":{"line":9,"column":22}},"9":{"start":{"line":10,"column":0},"end":{"line":10,"column":23}},"10":{"start":{"line":11,"column":0},"end":{"line":11,"column":15}},"11":{"start":{"line":12,"column":0},"end":{"line":12,"column":44}},"12":{"start":{"line":13,"column":0},"end":{"line":13,"column":13}},"13":{"start":{"line":14,"column":0},"end":{"line":14,"column":36}},"14":{"start":{"line":15,"column":0},"end":{"line":15,"column":46}},"17":{"start":{"line":18,"column":0},"end":{"line":18,"column":11}},"18":{"start":{"line":19,"column":0},"end":{"line":19,"column":20}},"24":{"start":{"line":25,"column":0},"end":{"line":25,"column":66}},"26":{"start":{"line":27,"column":0},"end":{"line":27,"column":53}},"28":{"start":{"line":29,"column":0},"end":{"line":29,"column":64}},"30":{"start":{"line":31,"column":0},"end":{"line":31,"column":64}}},"s":{"0":0,"6":0,"7":0,"8":0,"9":0,"10":0,"11":0,"12":0,"13":0,"14":0,"17":0,"18":0,"24":0,"26":0,"28":0,"30":0},"branchMap":{"0":{"type":"branch","line":1,"loc":{"start":{"line":1,"column":930},"end":{"line":31,"column":64}},"locations":[{"start":{"line":1,"column":930},"end":{"line":31,"column":64}}]}},"b":{"0":[0]},"fnMap":{"0":{"name":"(empty-report)","decl":{"start":{"line":1,"column":930},"end":{"line":31,"column":64}},"loc":{"start":{"line":1,"column":930},"end":{"line":31,"column":64}},"line":1}},"f":{"0":0}}
,"C:\\Users\\pierr\\Documents\\projects\\svelte-advanced\\src\\stories\\Button.svelte": {"path":"C:\\Users\\pierr\\Documents\\projects\\svelte-advanced\\src\\stories\\Button.svelte","all":true,"statementMap":{"0":{"start":{"line":1,"column":0},"end":{"line":1,"column":8}},"13":{"start":{"line":14,"column":0},"end":{"line":14,"column":89}},"18":{"start":{"line":19,"column":0},"end":{"line":19,"column":69}},"19":{"start":{"line":20,"column":0},"end":{"line":20,"column":43}},"20":{"start":{"line":21,"column":0},"end":{"line":21,"column":46}}},"s":{"0":0,"13":0,"18":0,"19":0,"20":0},"branchMap":{"0":{"type":"branch","line":1,"loc":{"start":{"line":1,"column":821},"end":{"line":26,"column":9}},"locations":[{"start":{"line":1,"column":821},"end":{"line":26,"column":9}}]}},"b":{"0":[0]},"fnMap":{"0":{"name":"(empty-report)","decl":{"start":{"line":1,"column":821},"end":{"line":26,"column":9}},"loc":{"start":{"line":1,"column":821},"end":{"line":26,"column":9}},"line":1}},"f":{"0":0}}
,"C:\\Users\\pierr\\Documents\\projects\\svelte-advanced\\src\\stories\\Header.stories.svelte": {"path":"C:\\Users\\pierr\\Documents\\projects\\svelte-advanced\\src\\stories\\Header.stories.svelte","all":true,"statementMap":{"0":{"start":{"line":1,"column":0},"end":{"line":1,"column":15}},"6":{"start":{"line":7,"column":0},"end":{"line":7,"column":32}},"7":{"start":{"line":8,"column":0},"end":{"line":8,"column":28}},"8":{"start":{"line":9,"column":0},"end":{"line":9,"column":22}},"10":{"start":{"line":11,"column":0},"end":{"line":11,"column":23}},"11":{"start":{"line":12,"column":0},"end":{"line":12,"column":17}},"13":{"start":{"line":14,"column":0},"end":{"line":14,"column":27}},"15":{"start":{"line":16,"column":0},"end":{"line":16,"column":11}},"16":{"start":{"line":17,"column":0},"end":{"line":17,"column":20}},"17":{"start":{"line":18,"column":0},"end":{"line":18,"column":21}},"18":{"start":{"line":19,"column":0},"end":{"line":19,"column":28}},"23":{"start":{"line":24,"column":0},"end":{"line":24,"column":64}}},"s":{"0":0,"6":0,"7":0,"8":0,"10":0,"11":0,"13":0,"15":0,"16":0,"17":0,"18":0,"23":0},"branchMap":{"0":{"type":"branch","line":1,"loc":{"start":{"line":1,"column":829},"end":{"line":26,"column":27}},"locations":[{"start":{"line":1,"column":829},"end":{"line":26,"column":27}}]}},"b":{"0":[0]},"fnMap":{"0":{"name":"(empty-report)","decl":{"start":{"line":1,"column":829},"end":{"line":26,"column":27}},"loc":{"start":{"line":1,"column":829},"end":{"line":26,"column":27}},"line":1}},"f":{"0":0}}
,"C:\\Users\\pierr\\Documents\\projects\\svelte-advanced\\src\\stories\\Header.svelte": {"path":"C:\\Users\\pierr\\Documents\\projects\\svelte-advanced\\src\\stories\\Header.svelte","all":true,"statementMap":{"0":{"start":{"line":1,"column":0},"end":{"line":1,"column":8}},"37":{"start":{"line":38,"column":0},"end":{"line":38,"column":38}}},"s":{"0":0,"37":0},"branchMap":{"0":{"type":"branch","line":1,"loc":{"start":{"line":1,"column":1492},"end":{"line":47,"column":9}},"locations":[{"start":{"line":1,"column":1492},"end":{"line":47,"column":9}}]}},"b":{"0":[0]},"fnMap":{"0":{"name":"(empty-report)","decl":{"start":{"line":1,"column":1492},"end":{"line":47,"column":9}},"loc":{"start":{"line":1,"column":1492},"end":{"line":47,"column":9}},"line":1}},"f":{"0":0}}
,"C:\\Users\\pierr\\Documents\\projects\\svelte-advanced\\src\\stories\\Page.stories.svelte": {"path":"C:\\Users\\pierr\\Documents\\projects\\svelte-advanced\\src\\stories\\Page.stories.svelte","all":true,"statementMap":{"0":{"start":{"line":1,"column":0},"end":{"line":1,"column":15}},"7":{"start":{"line":8,"column":0},"end":{"line":8,"column":32}},"8":{"start":{"line":9,"column":0},"end":{"line":9,"column":26}},"9":{"start":{"line":10,"column":0},"end":{"line":10,"column":20}},"10":{"start":{"line":11,"column":0},"end":{"line":11,"column":17}},"12":{"start":{"line":13,"column":0},"end":{"line":13,"column":27}},"17":{"start":{"line":18,"column":0},"end":{"line":18,"column":60}},"18":{"start":{"line":19,"column":0},"end":{"line":19,"column":41}},"19":{"start":{"line":20,"column":0},"end":{"line":20,"column":72}},"20":{"start":{"line":21,"column":0},"end":{"line":21,"column":50}},"21":{"start":{"line":22,"column":0},"end":{"line":22,"column":39}},"22":{"start":{"line":23,"column":0},"end":{"line":23,"column":69}},"24":{"start":{"line":25,"column":0},"end":{"line":25,"column":74}},"25":{"start":{"line":26,"column":0},"end":{"line":26,"column":51}}},"s":{"0":0,"7":0,"8":0,"9":0,"10":0,"12":0,"17":0,"18":0,"19":0,"20":0,"21":0,"22":0,"24":0,"25":0},"branchMap":{"0":{"type":"branch","line":1,"loc":{"start":{"line":1,"column":1062},"end":{"line":30,"column":27}},"locations":[{"start":{"line":1,"column":1062},"end":{"line":30,"column":27}}]}},"b":{"0":[0]},"fnMap":{"0":{"name":"(empty-report)","decl":{"start":{"line":1,"column":1062},"end":{"line":30,"column":27}},"loc":{"start":{"line":1,"column":1062},"end":{"line":30,"column":27}},"line":1}},"f":{"0":0}}
,"C:\\Users\\pierr\\Documents\\projects\\svelte-advanced\\src\\stories\\Page.svelte": {"path":"C:\\Users\\pierr\\Documents\\projects\\svelte-advanced\\src\\stories\\Page.svelte","all":true,"statementMap":{"0":{"start":{"line":1,"column":0},"end":{"line":1,"column":8}},"4":{"start":{"line":5,"column":0},"end":{"line":5,"column":26}},"10":{"start":{"line":11,"column":0},"end":{"line":11,"column":49}},"11":{"start":{"line":12,"column":0},"end":{"line":12,"column":34}},"12":{"start":{"line":13,"column":0},"end":{"line":13,"column":57}}},"s":{"0":0,"4":0,"10":0,"11":0,"12":0},"branchMap":{"0":{"type":"branch","line":1,"loc":{"start":{"line":1,"column":2274},"end":{"line":70,"column":10}},"locations":[{"start":{"line":1,"column":2274},"end":{"line":70,"column":10}}]}},"b":{"0":[0]},"fnMap":{"0":{"name":"(empty-report)","decl":{"start":{"line":1,"column":2274},"end":{"line":70,"column":10}},"loc":{"start":{"line":1,"column":2274},"end":{"line":70,"column":10}},"line":1}},"f":{"0":0}}
,"C:\\Users\\pierr\\Documents\\projects\\svelte-advanced\\src\\types\\planets.types.ts": {"path":"C:\\Users\\pierr\\Documents\\projects\\svelte-advanced\\src\\types\\planets.types.ts","all":true,"statementMap":{},"s":{},"branchMap":{"0":{"type":"branch","line":1,"loc":{"start":{"line":1,"column":439},"end":{"line":23,"column":2}},"locations":[{"start":{"line":1,"column":439},"end":{"line":23,"column":2}}]}},"b":{"0":[1]},"fnMap":{"0":{"name":"(empty-report)","decl":{"start":{"line":1,"column":439},"end":{"line":23,"column":2}},"loc":{"start":{"line":1,"column":439},"end":{"line":23,"column":2}},"line":1}},"f":{"0":1}}
}
